{"/home/travis/build/npmtest/node-npmtest-generator-node-webkit/test.js":{"path":"/home/travis/build/npmtest/node-npmtest-generator-node-webkit/test.js","s":{"1":2,"2":2,"3":2,"4":2,"5":2,"6":2,"7":2,"8":1,"9":2,"10":2,"11":1,"12":1,"13":1,"14":1,"15":2,"16":2,"17":2,"18":2,"19":1,"20":1,"21":2,"22":2,"23":2,"24":1,"25":1,"26":1,"27":1,"28":1,"29":1,"30":1,"31":1,"32":1,"33":1,"34":1,"35":1,"36":1,"37":1,"38":1,"39":2,"40":2,"41":1,"42":2,"43":2,"44":1,"45":2,"46":2,"47":1,"48":2,"49":2,"50":1,"51":1,"52":1,"53":1,"54":1},"b":{"1":[2,1,1,1],"2":[1,1,1,1],"3":[1,1],"4":[1,1],"5":[1,1],"6":[1,1],"7":[1,1],"8":[1,1],"9":[1,1],"10":[1,1,1],"11":[1,1],"12":[1,1],"13":[1,1],"14":[1,1],"15":[1,1],"16":[1,1],"17":[1,1]},"f":{"1":2,"2":2,"3":2,"4":2,"5":2,"6":1,"7":1,"8":1,"9":2,"10":2,"11":2,"12":2,"13":1},"fnMap":{"1":{"name":"(anonymous_1)","line":12,"loc":{"start":{"line":12,"column":1},"end":{"line":12,"column":13}}},"2":{"name":"(anonymous_2)","line":19,"loc":{"start":{"line":19,"column":5},"end":{"line":19,"column":17}}},"3":{"name":"(anonymous_3)","line":23,"loc":{"start":{"line":23,"column":24},"end":{"line":23,"column":36}}},"4":{"name":"(anonymous_4)","line":61,"loc":{"start":{"line":61,"column":5},"end":{"line":61,"column":17}}},"5":{"name":"(anonymous_5)","line":82,"loc":{"start":{"line":82,"column":5},"end":{"line":82,"column":17}}},"6":{"name":"(anonymous_6)","line":91,"loc":{"start":{"line":91,"column":77},"end":{"line":94,"column":10}}},"7":{"name":"(anonymous_7)","line":112,"loc":{"start":{"line":112,"column":83},"end":{"line":115,"column":10}},"skip":true},"8":{"name":"(anonymous_8)","line":123,"loc":{"start":{"line":123,"column":77},"end":{"line":126,"column":10}},"skip":true},"9":{"name":"(anonymous_9)","line":139,"loc":{"start":{"line":139,"column":12},"end":{"line":139,"column":40}},"skip":true},"10":{"name":"(anonymous_10)","line":147,"loc":{"start":{"line":147,"column":77},"end":{"line":150,"column":10}},"skip":true},"11":{"name":"(anonymous_11)","line":158,"loc":{"start":{"line":158,"column":83},"end":{"line":161,"column":10}},"skip":true},"12":{"name":"(anonymous_12)","line":169,"loc":{"start":{"line":169,"column":79},"end":{"line":172,"column":10}},"skip":true},"13":{"name":"(anonymous_13)","line":180,"loc":{"start":{"line":180,"column":75},"end":{"line":183,"column":10}},"skip":true}},"statementMap":{"1":{"start":{"line":12,"column":0},"end":{"line":195,"column":5}},"2":{"start":{"line":14,"column":4},"end":{"line":14,"column":14}},"3":{"start":{"line":19,"column":4},"end":{"line":56,"column":9}},"4":{"start":{"line":21,"column":8},"end":{"line":21,"column":19}},"5":{"start":{"line":23,"column":8},"end":{"line":35,"column":13}},"6":{"start":{"line":24,"column":12},"end":{"line":34,"column":13}},"7":{"start":{"line":25,"column":16},"end":{"line":28,"column":30}},"8":{"start":{"line":30,"column":16},"end":{"line":33,"column":27}},"9":{"start":{"line":37,"column":8},"end":{"line":39,"column":21}},"10":{"start":{"line":40,"column":8},"end":{"line":53,"column":9}},"11":{"start":{"line":43,"column":12},"end":{"line":46,"column":14}},"12":{"start":{"line":47,"column":12},"end":{"line":47,"column":18}},"13":{"start":{"line":50,"column":12},"end":{"line":51,"column":46}},"14":{"start":{"line":52,"column":12},"end":{"line":52,"column":18}},"15":{"start":{"line":55,"column":8},"end":{"line":55,"column":35}},"16":{"start":{"line":61,"column":4},"end":{"line":63,"column":9}},"17":{"start":{"line":62,"column":8},"end":{"line":62,"column":15}},"18":{"start":{"line":64,"column":4},"end":{"line":77,"column":5}},"19":{"start":{"line":70,"column":8},"end":{"line":70,"column":14}},"20":{"start":{"line":76,"column":8},"end":{"line":76,"column":14}},"21":{"start":{"line":82,"column":4},"end":{"line":84,"column":9}},"22":{"start":{"line":83,"column":8},"end":{"line":83,"column":15}},"23":{"start":{"line":85,"column":4},"end":{"line":194,"column":5}},"24":{"start":{"line":91,"column":8},"end":{"line":99,"column":10}},"25":{"start":{"line":98,"column":12},"end":{"line":98,"column":35}},"26":{"start":{"line":102,"column":8},"end":{"line":104,"column":63}},"27":{"start":{"line":105,"column":8},"end":{"line":105,"column":14}},"28":{"start":{"line":112,"column":8},"end":{"line":121,"column":10},"skip":true},"29":{"start":{"line":119,"column":12},"end":{"line":119,"column":55},"skip":true},"30":{"start":{"line":120,"column":12},"end":{"line":120,"column":48},"skip":true},"31":{"start":{"line":123,"column":8},"end":{"line":136,"column":10},"skip":true},"32":{"start":{"line":130,"column":12},"end":{"line":130,"column":76},"skip":true},"33":{"start":{"line":131,"column":12},"end":{"line":131,"column":73},"skip":true},"34":{"start":{"line":132,"column":12},"end":{"line":132,"column":74},"skip":true},"35":{"start":{"line":133,"column":12},"end":{"line":133,"column":79},"skip":true},"36":{"start":{"line":134,"column":12},"end":{"line":134,"column":25},"skip":true},"37":{"start":{"line":135,"column":12},"end":{"line":135,"column":45},"skip":true},"38":{"start":{"line":138,"column":8},"end":{"line":145,"column":14},"skip":true},"39":{"start":{"line":143,"column":16},"end":{"line":143,"column":29},"skip":true},"40":{"start":{"line":144,"column":16},"end":{"line":144,"column":55},"skip":true},"41":{"start":{"line":147,"column":8},"end":{"line":156,"column":10},"skip":true},"42":{"start":{"line":154,"column":12},"end":{"line":154,"column":25},"skip":true},"43":{"start":{"line":155,"column":12},"end":{"line":155,"column":45},"skip":true},"44":{"start":{"line":158,"column":8},"end":{"line":167,"column":10},"skip":true},"45":{"start":{"line":165,"column":12},"end":{"line":165,"column":25},"skip":true},"46":{"start":{"line":166,"column":12},"end":{"line":166,"column":48},"skip":true},"47":{"start":{"line":169,"column":8},"end":{"line":178,"column":10},"skip":true},"48":{"start":{"line":176,"column":12},"end":{"line":176,"column":25},"skip":true},"49":{"start":{"line":177,"column":12},"end":{"line":177,"column":46},"skip":true},"50":{"start":{"line":180,"column":8},"end":{"line":189,"column":10},"skip":true},"51":{"start":{"line":187,"column":12},"end":{"line":187,"column":94},"skip":true},"52":{"start":{"line":188,"column":12},"end":{"line":188,"column":48},"skip":true},"53":{"start":{"line":192,"column":8},"end":{"line":192,"column":35},"skip":true},"54":{"start":{"line":193,"column":8},"end":{"line":193,"column":14},"skip":true}},"branchMap":{"1":{"line":25,"type":"binary-expr","locations":[{"start":{"line":25,"column":23},"end":{"line":25,"column":62}},{"start":{"line":26,"column":20},"end":{"line":26,"column":70}},{"start":{"line":27,"column":20},"end":{"line":27,"column":71}},{"start":{"line":28,"column":20},"end":{"line":28,"column":29}}]},"2":{"line":30,"type":"binary-expr","locations":[{"start":{"line":30,"column":23},"end":{"line":30,"column":37}},{"start":{"line":31,"column":20},"end":{"line":31,"column":61}},{"start":{"line":32,"column":20},"end":{"line":32,"column":70}},{"start":{"line":33,"column":20},"end":{"line":33,"column":26}}]},"3":{"line":37,"type":"cond-expr","locations":[{"start":{"line":38,"column":14},"end":{"line":38,"column":20}},{"start":{"line":39,"column":14},"end":{"line":39,"column":20}}]},"4":{"line":40,"type":"switch","locations":[{"start":{"line":42,"column":8},"end":{"line":47,"column":18}},{"start":{"line":49,"column":8},"end":{"line":52,"column":18}}]},"5":{"line":44,"type":"binary-expr","locations":[{"start":{"line":44,"column":16},"end":{"line":44,"column":44}},{"start":{"line":44,"column":48},"end":{"line":44,"column":66}}]},"6":{"line":50,"type":"binary-expr","locations":[{"start":{"line":50,"column":21},"end":{"line":50,"column":49}},{"start":{"line":50,"column":53},"end":{"line":50,"column":72}}]},"7":{"line":64,"type":"switch","locations":[{"start":{"line":69,"column":4},"end":{"line":70,"column":14}},{"start":{"line":75,"column":4},"end":{"line":76,"column":14}}]},"8":{"line":85,"type":"switch","locations":[{"start":{"line":90,"column":4},"end":{"line":105,"column":14}},{"start":{"line":111,"column":4},"end":{"line":193,"column":14},"skip":true}]},"9":{"line":91,"type":"binary-expr","locations":[{"start":{"line":91,"column":42},"end":{"line":91,"column":73}},{"start":{"line":91,"column":77},"end":{"line":99,"column":9}}]},"10":{"line":102,"type":"binary-expr","locations":[{"start":{"line":102,"column":18},"end":{"line":102,"column":32}},{"start":{"line":103,"column":12},"end":{"line":103,"column":53}},{"start":{"line":104,"column":12},"end":{"line":104,"column":61}}]},"11":{"line":112,"type":"binary-expr","locations":[{"start":{"line":112,"column":45},"end":{"line":112,"column":79},"skip":true},{"start":{"line":112,"column":83},"end":{"line":121,"column":9},"skip":true}]},"12":{"line":123,"type":"binary-expr","locations":[{"start":{"line":123,"column":42},"end":{"line":123,"column":73},"skip":true},{"start":{"line":123,"column":77},"end":{"line":136,"column":9},"skip":true}]},"13":{"line":138,"type":"binary-expr","locations":[{"start":{"line":138,"column":48},"end":{"line":138,"column":85},"skip":true},{"start":{"line":139,"column":12},"end":{"line":145,"column":13},"skip":true}]},"14":{"line":147,"type":"binary-expr","locations":[{"start":{"line":147,"column":42},"end":{"line":147,"column":73},"skip":true},{"start":{"line":147,"column":77},"end":{"line":156,"column":9},"skip":true}]},"15":{"line":158,"type":"binary-expr","locations":[{"start":{"line":158,"column":45},"end":{"line":158,"column":79},"skip":true},{"start":{"line":158,"column":83},"end":{"line":167,"column":9},"skip":true}]},"16":{"line":169,"type":"binary-expr","locations":[{"start":{"line":169,"column":43},"end":{"line":169,"column":75},"skip":true},{"start":{"line":169,"column":79},"end":{"line":178,"column":9},"skip":true}]},"17":{"line":180,"type":"binary-expr","locations":[{"start":{"line":180,"column":41},"end":{"line":180,"column":71},"skip":true},{"start":{"line":180,"column":75},"end":{"line":189,"column":9},"skip":true}]}},"code":["/* istanbul instrument in package npmtest_generator_node_webkit */","/*jslint","    bitwise: true,","    browser: true,","    maxerr: 8,","    maxlen: 96,","    node: true,","    nomen: true,","    regexp: true,","    stupid: true","*/","(function () {","    'use strict';","    var local;","","","","    // run shared js-env code - pre-init","    (function () {","        // init local","        local = {};","        // init modeJs","        local.modeJs = (function () {","            try {","                return typeof navigator.userAgent === 'string' &&","                    typeof document.querySelector('body') === 'object' &&","                    typeof XMLHttpRequest.prototype.open === 'function' &&","                    'browser';","            } catch (errorCaughtBrowser) {","                return module.exports &&","                    typeof process.versions.node === 'string' &&","                    typeof require('http').createServer === 'function' &&","                    'node';","            }","        }());","        // init global","        local.global = local.modeJs === 'browser'","            ? window","            : global;","        switch (local.modeJs) {","        // re-init local from window.local","        case 'browser':","            local = local.global.utility2.objectSetDefault(","                local.global.utility2_rollup || local.global.local,","                local.global.utility2","            );","            break;","        // re-init local from example.js","        case 'node':","            local = (local.global.utility2_rollup || require('utility2'))","                .requireExampleJsFromReadme();","            break;","        }","        // export local","        local.global.local = local;","    }());","","","","    // run shared js-env code - function","    (function () {","        return;","    }());","    switch (local.modeJs) {","","","","    // run browser js-env code - function","    case 'browser':","        break;","","","","    // run node js-env code - function","    case 'node':","        break;","    }","","","","    // run shared js-env code - post-init","    (function () {","        return;","    }());","    switch (local.modeJs) {","","","","    // run browser js-env code - post-init","    case 'browser':","        local.testCase_browser_nullCase = local.testCase_browser_nullCase || function (","            options,","            onError","        ) {","        /*","         * this function will test browsers's null-case handling-behavior-behavior","         */","            onError(null, options);","        };","","        // run tests","        local.nop(local.modeTest &&","            document.querySelector('#testRunButton1') &&","            document.querySelector('#testRunButton1').click());","        break;","","","","    // run node js-env code - post-init","    /* istanbul ignore next */","    case 'node':","        local.testCase_buildApidoc_default = local.testCase_buildApidoc_default || function (","            options,","            onError","        ) {","        /*","         * this function will test buildApidoc's default handling-behavior-behavior","         */","            options = { modulePathList: module.paths };","            local.buildApidoc(options, onError);","        };","","        local.testCase_buildApp_default = local.testCase_buildApp_default || function (","            options,","            onError","        ) {","        /*","         * this function will test buildApp's default handling-behavior-behavior","         */","            local.testCase_buildReadme_default(options, local.onErrorThrow);","            local.testCase_buildLib_default(options, local.onErrorThrow);","            local.testCase_buildTest_default(options, local.onErrorThrow);","            local.testCase_buildCustomOrg_default(options, local.onErrorThrow);","            options = [];","            local.buildApp(options, onError);","        };","","        local.testCase_buildCustomOrg_default = local.testCase_buildCustomOrg_default ||","            function (options, onError) {","            /*","             * this function will test buildCustomOrg's default handling-behavior","             */","                options = {};","                local.buildCustomOrg(options, onError);","            };","","        local.testCase_buildLib_default = local.testCase_buildLib_default || function (","            options,","            onError","        ) {","        /*","         * this function will test buildLib's default handling-behavior","         */","            options = {};","            local.buildLib(options, onError);","        };","","        local.testCase_buildReadme_default = local.testCase_buildReadme_default || function (","            options,","            onError","        ) {","        /*","         * this function will test buildReadme's default handling-behavior-behavior","         */","            options = {};","            local.buildReadme(options, onError);","        };","","        local.testCase_buildTest_default = local.testCase_buildTest_default || function (","            options,","            onError","        ) {","        /*","         * this function will test buildTest's default handling-behavior","         */","            options = {};","            local.buildTest(options, onError);","        };","","        local.testCase_webpage_default = local.testCase_webpage_default || function (","            options,","            onError","        ) {","        /*","         * this function will test webpage's default handling-behavior","         */","            options = { modeCoverageMerge: true, url: local.serverLocalHost + '?modeTest=1' };","            local.browserTest(options, onError);","        };","","        // run test-server","        local.testRunServer(local);","        break;","    }","}());",""],"l":{"12":2,"14":2,"19":2,"21":2,"23":2,"24":2,"25":2,"30":1,"37":2,"40":2,"43":1,"47":1,"50":1,"52":1,"55":2,"61":2,"62":2,"64":2,"70":1,"76":1,"82":2,"83":2,"85":2,"91":1,"98":1,"102":1,"105":1,"112":1,"119":1,"120":1,"123":1,"130":1,"131":1,"132":1,"133":1,"134":1,"135":1,"138":1,"143":2,"144":2,"147":1,"154":2,"155":2,"158":1,"165":2,"166":2,"169":1,"176":2,"177":2,"180":1,"187":1,"188":1,"192":1,"193":1}},"/home/travis/build/npmtest/node-npmtest-generator-node-webkit/lib.npmtest_generator_node_webkit.js":{"path":"/home/travis/build/npmtest/node-npmtest-generator-node-webkit/lib.npmtest_generator_node_webkit.js","s":{"1":2,"2":2,"3":2,"4":2,"5":2,"6":2,"7":2,"8":1,"9":2,"10":2,"11":2,"12":2,"13":1,"14":1,"15":1,"16":1},"b":{"1":[2,1,1,1],"2":[1,1,1,1],"3":[1,1],"4":[2,2],"5":[1,1]},"f":{"1":2,"2":2,"3":2},"fnMap":{"1":{"name":"(anonymous_1)","line":12,"loc":{"start":{"line":12,"column":1},"end":{"line":12,"column":13}}},"2":{"name":"(anonymous_2)","line":19,"loc":{"start":{"line":19,"column":5},"end":{"line":19,"column":17}}},"3":{"name":"(anonymous_3)","line":23,"loc":{"start":{"line":23,"column":24},"end":{"line":23,"column":36}}}},"statementMap":{"1":{"start":{"line":12,"column":0},"end":{"line":53,"column":5}},"2":{"start":{"line":14,"column":4},"end":{"line":14,"column":14}},"3":{"start":{"line":19,"column":4},"end":{"line":52,"column":9}},"4":{"start":{"line":21,"column":8},"end":{"line":21,"column":19}},"5":{"start":{"line":23,"column":8},"end":{"line":35,"column":13}},"6":{"start":{"line":24,"column":12},"end":{"line":34,"column":13}},"7":{"start":{"line":25,"column":16},"end":{"line":28,"column":30}},"8":{"start":{"line":30,"column":16},"end":{"line":33,"column":27}},"9":{"start":{"line":37,"column":8},"end":{"line":39,"column":21}},"10":{"start":{"line":41,"column":8},"end":{"line":41,"column":54}},"11":{"start":{"line":43,"column":8},"end":{"line":43,"column":66}},"12":{"start":{"line":45,"column":8},"end":{"line":51,"column":9}},"13":{"start":{"line":46,"column":12},"end":{"line":46,"column":72}},"14":{"start":{"line":48,"column":12},"end":{"line":48,"column":35}},"15":{"start":{"line":49,"column":12},"end":{"line":49,"column":49}},"16":{"start":{"line":50,"column":12},"end":{"line":50,"column":43}}},"branchMap":{"1":{"line":25,"type":"binary-expr","locations":[{"start":{"line":25,"column":23},"end":{"line":25,"column":62}},{"start":{"line":26,"column":20},"end":{"line":26,"column":70}},{"start":{"line":27,"column":20},"end":{"line":27,"column":71}},{"start":{"line":28,"column":20},"end":{"line":28,"column":29}}]},"2":{"line":30,"type":"binary-expr","locations":[{"start":{"line":30,"column":23},"end":{"line":30,"column":37}},{"start":{"line":31,"column":20},"end":{"line":31,"column":61}},{"start":{"line":32,"column":20},"end":{"line":32,"column":70}},{"start":{"line":33,"column":20},"end":{"line":33,"column":26}}]},"3":{"line":37,"type":"cond-expr","locations":[{"start":{"line":38,"column":14},"end":{"line":38,"column":20}},{"start":{"line":39,"column":14},"end":{"line":39,"column":20}}]},"4":{"line":41,"type":"binary-expr","locations":[{"start":{"line":41,"column":16},"end":{"line":41,"column":44}},{"start":{"line":41,"column":48},"end":{"line":41,"column":53}}]},"5":{"line":45,"type":"if","locations":[{"start":{"line":45,"column":8},"end":{"line":45,"column":8}},{"start":{"line":45,"column":8},"end":{"line":45,"column":8}}]}},"code":["/* istanbul instrument in package npmtest_generator_node_webkit */","/*jslint","    bitwise: true,","    browser: true,","    maxerr: 8,","    maxlen: 96,","    node: true,","    nomen: true,","    regexp: true,","    stupid: true","*/","(function () {","    'use strict';","    var local;","","","","    // run shared js-env code - pre-init","    (function () {","        // init local","        local = {};","        // init modeJs","        local.modeJs = (function () {","            try {","                return typeof navigator.userAgent === 'string' &&","                    typeof document.querySelector('body') === 'object' &&","                    typeof XMLHttpRequest.prototype.open === 'function' &&","                    'browser';","            } catch (errorCaughtBrowser) {","                return module.exports &&","                    typeof process.versions.node === 'string' &&","                    typeof require('http').createServer === 'function' &&","                    'node';","            }","        }());","        // init global","        local.global = local.modeJs === 'browser'","            ? window","            : global;","        // init utility2_rollup","        local = local.global.utility2_rollup || local;","        // init lib","        local.local = local.npmtest_generator_node_webkit = local;","        // init exports","        if (local.modeJs === 'browser') {","            local.global.utility2_npmtest_generator_node_webkit = local;","        } else {","            module.exports = local;","            module.exports.__dirname = __dirname;","            module.exports.module = module;","        }","    }());","}());",""],"l":{"12":2,"14":2,"19":2,"21":2,"23":2,"24":2,"25":2,"30":1,"37":2,"41":2,"43":2,"45":2,"46":1,"48":1,"49":1,"50":1}},"/home/travis/build/npmtest/node-npmtest-generator-node-webkit/example.js":{"path":"/home/travis/build/npmtest/node-npmtest-generator-node-webkit/example.js","s":{"1":2,"2":2,"3":2,"4":2,"5":2,"6":2,"7":2,"8":1,"9":2,"10":2,"11":2,"12":2,"13":1,"14":2,"15":2,"16":2,"17":2,"18":2,"19":0,"20":2,"21":1,"22":1,"23":1,"24":1,"25":1,"26":0,"27":0,"28":1,"29":1,"30":2,"31":0,"32":0,"33":0,"34":1,"35":2,"36":2,"37":3,"38":3,"39":3,"40":3,"41":0,"42":3,"43":3,"44":3,"45":1,"46":3,"47":1,"48":1,"49":1,"50":1,"51":1,"52":1,"53":1,"54":1,"55":1,"56":1,"57":0,"58":1,"59":6,"60":6,"61":1,"62":2,"63":0,"64":2,"65":1,"66":1,"67":0,"68":0,"69":0,"70":0,"71":0,"72":0,"73":0,"74":0,"75":0,"76":0,"77":0,"78":0,"79":0,"80":0,"81":0,"82":0,"83":0},"b":{"1":[2,1,1,1],"2":[1,1,1,1],"3":[1,1],"4":[2,2],"5":[1,1],"6":[1,1],"7":[2,0],"8":[2,1,1,1,1,1],"9":[0,2,0],"10":[1,1],"11":[2,1,1],"12":[1,0],"13":[0,2],"14":[2,0,0,0,0,0,0],"15":[0,3],"16":[3,0],"17":[1,1],"18":[0,1],"19":[1,2,0,2],"20":[1,0],"21":[1,1],"22":[0,0],"23":[0,0],"24":[0,0],"25":[0,0],"26":[0,0],"27":[0,0],"28":[0,0]},"f":{"1":2,"2":2,"3":2,"4":2,"5":2,"6":2,"7":3,"8":3,"9":3,"10":1,"11":6,"12":0},"fnMap":{"1":{"name":"(anonymous_1)","line":26,"loc":{"start":{"line":26,"column":1},"end":{"line":26,"column":13}}},"2":{"name":"(anonymous_2)","line":33,"loc":{"start":{"line":33,"column":5},"end":{"line":33,"column":17}}},"3":{"name":"(anonymous_3)","line":37,"loc":{"start":{"line":37,"column":24},"end":{"line":37,"column":36}}},"4":{"name":"(anonymous_4)","line":69,"loc":{"start":{"line":69,"column":31},"end":{"line":69,"column":48}},"skip":true},"5":{"name":"(anonymous_5)","line":78,"loc":{"start":{"line":78,"column":26},"end":{"line":78,"column":45}},"skip":true},"6":{"name":"(anonymous_6)","line":123,"loc":{"start":{"line":123,"column":33},"end":{"line":123,"column":48}},"skip":true},"7":{"name":"(anonymous_7)","line":125,"loc":{"start":{"line":125,"column":27},"end":{"line":125,"column":39}},"skip":true},"8":{"name":"(anonymous_8)","line":133,"loc":{"start":{"line":133,"column":59},"end":{"line":133,"column":74}},"skip":true},"9":{"name":"(anonymous_9)","line":143,"loc":{"start":{"line":143,"column":45},"end":{"line":143,"column":62}},"skip":true},"10":{"name":"(anonymous_10)","line":144,"loc":{"start":{"line":144,"column":73},"end":{"line":144,"column":92}},"skip":true},"11":{"name":"(anonymous_11)","line":272,"loc":{"start":{"line":272,"column":51},"end":{"line":272,"column":77}},"skip":true},"12":{"name":"(anonymous_12)","line":315,"loc":{"start":{"line":315,"column":32},"end":{"line":315,"column":61}},"skip":true}},"statementMap":{"1":{"start":{"line":26,"column":0},"end":{"line":326,"column":5}},"2":{"start":{"line":28,"column":4},"end":{"line":28,"column":14}},"3":{"start":{"line":33,"column":4},"end":{"line":60,"column":9}},"4":{"start":{"line":35,"column":8},"end":{"line":35,"column":19}},"5":{"start":{"line":37,"column":8},"end":{"line":49,"column":13}},"6":{"start":{"line":38,"column":12},"end":{"line":48,"column":13}},"7":{"start":{"line":39,"column":16},"end":{"line":42,"column":30}},"8":{"start":{"line":44,"column":16},"end":{"line":47,"column":27}},"9":{"start":{"line":51,"column":8},"end":{"line":53,"column":21}},"10":{"start":{"line":55,"column":8},"end":{"line":57,"column":45}},"11":{"start":{"line":59,"column":8},"end":{"line":59,"column":35}},"12":{"start":{"line":61,"column":4},"end":{"line":325,"column":5}},"13":{"start":{"line":69,"column":8},"end":{"line":121,"column":10},"skip":true},"14":{"start":{"line":70,"column":12},"end":{"line":88,"column":13},"skip":true},"15":{"start":{"line":76,"column":16},"end":{"line":87,"column":19},"skip":true},"16":{"start":{"line":79,"column":20},"end":{"line":86,"column":21},"skip":true},"17":{"start":{"line":82,"column":24},"end":{"line":82,"column":43},"skip":true},"18":{"start":{"line":83,"column":24},"end":{"line":83,"column":30},"skip":true},"19":{"start":{"line":85,"column":24},"end":{"line":85,"column":49},"skip":true},"20":{"start":{"line":89,"column":12},"end":{"line":107,"column":13},"skip":true},"21":{"start":{"line":92,"column":16},"end":{"line":102,"column":17},"skip":true},"22":{"start":{"line":93,"column":20},"end":{"line":93,"column":86},"skip":true},"23":{"start":{"line":94,"column":20},"end":{"line":95,"column":45},"skip":true},"24":{"start":{"line":96,"column":20},"end":{"line":96,"column":42},"skip":true},"25":{"start":{"line":97,"column":20},"end":{"line":97,"column":48},"skip":true},"26":{"start":{"line":100,"column":20},"end":{"line":100,"column":85},"skip":true},"27":{"start":{"line":101,"column":20},"end":{"line":101,"column":96},"skip":true},"28":{"start":{"line":103,"column":16},"end":{"line":103,"column":22},"skip":true},"29":{"start":{"line":106,"column":16},"end":{"line":106,"column":22},"skip":true},"30":{"start":{"line":108,"column":12},"end":{"line":120,"column":13},"skip":true},"31":{"start":{"line":114,"column":16},"end":{"line":119,"column":17},"skip":true},"32":{"start":{"line":116,"column":20},"end":{"line":116,"column":78},"skip":true},"33":{"start":{"line":118,"column":20},"end":{"line":118,"column":47},"skip":true},"34":{"start":{"line":123,"column":8},"end":{"line":141,"column":11},"skip":true},"35":{"start":{"line":124,"column":12},"end":{"line":124,"column":54},"skip":true},"36":{"start":{"line":125,"column":12},"end":{"line":140,"column":14},"skip":true},"37":{"start":{"line":126,"column":16},"end":{"line":126,"column":28},"skip":true},"38":{"start":{"line":127,"column":16},"end":{"line":127,"column":69},"skip":true},"39":{"start":{"line":128,"column":16},"end":{"line":128,"column":75},"skip":true},"40":{"start":{"line":129,"column":16},"end":{"line":131,"column":17},"skip":true},"41":{"start":{"line":130,"column":20},"end":{"line":130,"column":27},"skip":true},"42":{"start":{"line":133,"column":16},"end":{"line":137,"column":36},"skip":true},"43":{"start":{"line":134,"column":20},"end":{"line":136,"column":55},"skip":true},"44":{"start":{"line":139,"column":16},"end":{"line":139,"column":57},"skip":true},"45":{"start":{"line":143,"column":8},"end":{"line":147,"column":11},"skip":true},"46":{"start":{"line":144,"column":12},"end":{"line":146,"column":15},"skip":true},"47":{"start":{"line":145,"column":16},"end":{"line":145,"column":70},"skip":true},"48":{"start":{"line":149,"column":8},"end":{"line":149,"column":31},"skip":true},"49":{"start":{"line":150,"column":8},"end":{"line":150,"column":14},"skip":true},"50":{"start":{"line":158,"column":8},"end":{"line":158,"column":31},"skip":true},"51":{"start":{"line":160,"column":8},"end":{"line":160,"column":33},"skip":true},"52":{"start":{"line":161,"column":8},"end":{"line":161,"column":37},"skip":true},"53":{"start":{"line":162,"column":8},"end":{"line":162,"column":35},"skip":true},"54":{"start":{"line":164,"column":8},"end":{"line":164,"column":50},"skip":true},"55":{"start":{"line":166,"column":8},"end":{"line":256,"column":2},"skip":true},"56":{"start":{"line":258,"column":8},"end":{"line":286,"column":9},"skip":true},"57":{"start":{"line":259,"column":12},"end":{"line":269,"column":14},"skip":true},"58":{"start":{"line":271,"column":12},"end":{"line":285,"column":19},"skip":true},"59":{"start":{"line":274,"column":20},"end":{"line":274,"column":35},"skip":true},"60":{"start":{"line":275,"column":20},"end":{"line":284,"column":21},"skip":true},"61":{"start":{"line":277,"column":24},"end":{"line":277,"column":64},"skip":true},"62":{"start":{"line":279,"column":24},"end":{"line":279,"column":40},"skip":true},"63":{"start":{"line":281,"column":24},"end":{"line":281,"column":40},"skip":true},"64":{"start":{"line":283,"column":24},"end":{"line":283,"column":39},"skip":true},"65":{"start":{"line":288,"column":8},"end":{"line":290,"column":9},"skip":true},"66":{"start":{"line":289,"column":12},"end":{"line":289,"column":18},"skip":true},"67":{"start":{"line":291,"column":8},"end":{"line":293,"column":54},"skip":true},"68":{"start":{"line":296,"column":8},"end":{"line":301,"column":37},"skip":true},"69":{"start":{"line":303,"column":8},"end":{"line":303,"column":82},"skip":true},"70":{"start":{"line":306,"column":8},"end":{"line":308,"column":9},"skip":true},"71":{"start":{"line":307,"column":12},"end":{"line":307,"column":82},"skip":true},"72":{"start":{"line":310,"column":8},"end":{"line":312,"column":9},"skip":true},"73":{"start":{"line":311,"column":12},"end":{"line":311,"column":18},"skip":true},"74":{"start":{"line":313,"column":8},"end":{"line":313,"column":54},"skip":true},"75":{"start":{"line":314,"column":8},"end":{"line":314,"column":69},"skip":true},"76":{"start":{"line":315,"column":8},"end":{"line":323,"column":36},"skip":true},"77":{"start":{"line":316,"column":12},"end":{"line":316,"column":61},"skip":true},"78":{"start":{"line":317,"column":12},"end":{"line":320,"column":13},"skip":true},"79":{"start":{"line":318,"column":16},"end":{"line":318,"column":75},"skip":true},"80":{"start":{"line":319,"column":16},"end":{"line":319,"column":23},"skip":true},"81":{"start":{"line":321,"column":12},"end":{"line":321,"column":38},"skip":true},"82":{"start":{"line":322,"column":12},"end":{"line":322,"column":27},"skip":true},"83":{"start":{"line":324,"column":8},"end":{"line":324,"column":14},"skip":true}},"branchMap":{"1":{"line":39,"type":"binary-expr","locations":[{"start":{"line":39,"column":23},"end":{"line":39,"column":62}},{"start":{"line":40,"column":20},"end":{"line":40,"column":70}},{"start":{"line":41,"column":20},"end":{"line":41,"column":71}},{"start":{"line":42,"column":20},"end":{"line":42,"column":29}}]},"2":{"line":44,"type":"binary-expr","locations":[{"start":{"line":44,"column":23},"end":{"line":44,"column":37}},{"start":{"line":45,"column":20},"end":{"line":45,"column":61}},{"start":{"line":46,"column":20},"end":{"line":46,"column":70}},{"start":{"line":47,"column":20},"end":{"line":47,"column":26}}]},"3":{"line":51,"type":"cond-expr","locations":[{"start":{"line":52,"column":14},"end":{"line":52,"column":20}},{"start":{"line":53,"column":14},"end":{"line":53,"column":20}}]},"4":{"line":55,"type":"binary-expr","locations":[{"start":{"line":55,"column":16},"end":{"line":55,"column":44}},{"start":{"line":55,"column":49},"end":{"line":57,"column":43}}]},"5":{"line":55,"type":"cond-expr","locations":[{"start":{"line":56,"column":14},"end":{"line":56,"column":65}},{"start":{"line":57,"column":14},"end":{"line":57,"column":43}}]},"6":{"line":61,"type":"switch","locations":[{"start":{"line":68,"column":4},"end":{"line":150,"column":14},"skip":true},{"start":{"line":156,"column":4},"end":{"line":324,"column":14},"skip":true}]},"7":{"line":70,"type":"if","locations":[{"start":{"line":70,"column":12},"end":{"line":70,"column":12},"skip":true},{"start":{"line":70,"column":12},"end":{"line":70,"column":12},"skip":true}]},"8":{"line":70,"type":"binary-expr","locations":[{"start":{"line":70,"column":16},"end":{"line":70,"column":22},"skip":true},{"start":{"line":70,"column":27},"end":{"line":70,"column":32},"skip":true},{"start":{"line":71,"column":20},"end":{"line":71,"column":39},"skip":true},{"start":{"line":72,"column":20},"end":{"line":72,"column":49},"skip":true},{"start":{"line":73,"column":20},"end":{"line":73,"column":58},"skip":true},{"start":{"line":74,"column":20},"end":{"line":74,"column":69},"skip":true}]},"9":{"line":79,"type":"switch","locations":[{"start":{"line":80,"column":20},"end":{"line":80,"column":33},"skip":true},{"start":{"line":81,"column":20},"end":{"line":83,"column":30},"skip":true},{"start":{"line":84,"column":20},"end":{"line":85,"column":49},"skip":true}]},"10":{"line":89,"type":"switch","locations":[{"start":{"line":90,"column":12},"end":{"line":103,"column":22},"skip":true},{"start":{"line":105,"column":12},"end":{"line":106,"column":22},"skip":true}]},"11":{"line":89,"type":"binary-expr","locations":[{"start":{"line":89,"column":20},"end":{"line":89,"column":25},"skip":true},{"start":{"line":89,"column":29},"end":{"line":89,"column":48},"skip":true},{"start":{"line":89,"column":52},"end":{"line":89,"column":74},"skip":true}]},"12":{"line":92,"type":"if","locations":[{"start":{"line":92,"column":16},"end":{"line":92,"column":16},"skip":true},{"start":{"line":92,"column":16},"end":{"line":92,"column":16},"skip":true}]},"13":{"line":108,"type":"if","locations":[{"start":{"line":108,"column":12},"end":{"line":108,"column":12},"skip":true},{"start":{"line":108,"column":12},"end":{"line":108,"column":12},"skip":true}]},"14":{"line":108,"type":"binary-expr","locations":[{"start":{"line":108,"column":16},"end":{"line":108,"column":61},"skip":true},{"start":{"line":108,"column":66},"end":{"line":108,"column":72},"skip":true},{"start":{"line":108,"column":77},"end":{"line":108,"column":82},"skip":true},{"start":{"line":109,"column":20},"end":{"line":109,"column":39},"skip":true},{"start":{"line":110,"column":20},"end":{"line":110,"column":49},"skip":true},{"start":{"line":111,"column":20},"end":{"line":111,"column":58},"skip":true},{"start":{"line":112,"column":20},"end":{"line":112,"column":68},"skip":true}]},"15":{"line":129,"type":"if","locations":[{"start":{"line":129,"column":16},"end":{"line":129,"column":16},"skip":true},{"start":{"line":129,"column":16},"end":{"line":129,"column":16},"skip":true}]},"16":{"line":134,"type":"cond-expr","locations":[{"start":{"line":135,"column":26},"end":{"line":135,"column":29},"skip":true},{"start":{"line":136,"column":26},"end":{"line":136,"column":54},"skip":true}]},"17":{"line":164,"type":"binary-expr","locations":[{"start":{"line":164,"column":27},"end":{"line":164,"column":43},"skip":true},{"start":{"line":164,"column":47},"end":{"line":164,"column":49},"skip":true}]},"18":{"line":258,"type":"if","locations":[{"start":{"line":258,"column":8},"end":{"line":258,"column":8},"skip":true},{"start":{"line":258,"column":8},"end":{"line":258,"column":8},"skip":true}]},"19":{"line":275,"type":"switch","locations":[{"start":{"line":276,"column":20},"end":{"line":277,"column":64},"skip":true},{"start":{"line":278,"column":20},"end":{"line":279,"column":40},"skip":true},{"start":{"line":280,"column":20},"end":{"line":281,"column":40},"skip":true},{"start":{"line":282,"column":20},"end":{"line":283,"column":39},"skip":true}]},"20":{"line":288,"type":"if","locations":[{"start":{"line":288,"column":8},"end":{"line":288,"column":8},"skip":true},{"start":{"line":288,"column":8},"end":{"line":288,"column":8},"skip":true}]},"21":{"line":288,"type":"binary-expr","locations":[{"start":{"line":288,"column":12},"end":{"line":288,"column":40},"skip":true},{"start":{"line":288,"column":44},"end":{"line":288,"column":67},"skip":true}]},"22":{"line":292,"type":"binary-expr","locations":[{"start":{"line":292,"column":12},"end":{"line":292,"column":50},"skip":true},{"start":{"line":293,"column":12},"end":{"line":293,"column":53},"skip":true}]},"23":{"line":297,"type":"binary-expr","locations":[{"start":{"line":297,"column":12},"end":{"line":297,"column":79},"skip":true},{"start":{"line":298,"column":12},"end":{"line":301,"column":36},"skip":true}]},"24":{"line":303,"type":"binary-expr","locations":[{"start":{"line":303,"column":43},"end":{"line":303,"column":75},"skip":true},{"start":{"line":303,"column":79},"end":{"line":303,"column":81},"skip":true}]},"25":{"line":306,"type":"if","locations":[{"start":{"line":306,"column":8},"end":{"line":306,"column":8},"skip":true},{"start":{"line":306,"column":8},"end":{"line":306,"column":8},"skip":true}]},"26":{"line":310,"type":"if","locations":[{"start":{"line":310,"column":8},"end":{"line":310,"column":8},"skip":true},{"start":{"line":310,"column":8},"end":{"line":310,"column":8},"skip":true}]},"27":{"line":313,"type":"binary-expr","locations":[{"start":{"line":313,"column":27},"end":{"line":313,"column":43},"skip":true},{"start":{"line":313,"column":47},"end":{"line":313,"column":53},"skip":true}]},"28":{"line":317,"type":"if","locations":[{"start":{"line":317,"column":12},"end":{"line":317,"column":12},"skip":true},{"start":{"line":317,"column":12},"end":{"line":317,"column":12},"skip":true}]}},"code":["/*","example.js","","quickstart example","","instruction","    1. save this script as example.js","    2. run the shell command:","        $ npm install npmtest-generator-node-webkit && PORT=8081 node example.js","    3. play with the browser-demo on http://127.0.0.1:8081","*/","","","","/* istanbul instrument in package npmtest_generator_node_webkit */","/*jslint","    bitwise: true,","    browser: true,","    maxerr: 8,","    maxlen: 96,","    node: true,","    nomen: true,","    regexp: true,","    stupid: true","*/","(function () {","    'use strict';","    var local;","","","","    // run shared js-env code - pre-init","    (function () {","        // init local","        local = {};","        // init modeJs","        local.modeJs = (function () {","            try {","                return typeof navigator.userAgent === 'string' &&","                    typeof document.querySelector('body') === 'object' &&","                    typeof XMLHttpRequest.prototype.open === 'function' &&","                    'browser';","            } catch (errorCaughtBrowser) {","                return module.exports &&","                    typeof process.versions.node === 'string' &&","                    typeof require('http').createServer === 'function' &&","                    'node';","            }","        }());","        // init global","        local.global = local.modeJs === 'browser'","            ? window","            : global;","        // init utility2_rollup","        local = local.global.utility2_rollup || (local.modeJs === 'browser'","            ? local.global.utility2_npmtest_generator_node_webkit","            : global.utility2_moduleExports);","        // export local","        local.global.local = local;","    }());","    switch (local.modeJs) {","","","","    // post-init","    // run browser js-env code - post-init","    /* istanbul ignore next */","    case 'browser':","        local.testRunBrowser = function (event) {","            if (!event || (event &&","                    event.currentTarget &&","                    event.currentTarget.className &&","                    event.currentTarget.className.includes &&","                    event.currentTarget.className.includes('onreset'))) {","                // reset output","                Array.from(","                    document.querySelectorAll('body > .resettable')","                ).forEach(function (element) {","                    switch (element.tagName) {","                    case 'INPUT':","                    case 'TEXTAREA':","                        element.value = '';","                        break;","                    default:","                        element.textContent = '';","                    }","                });","            }","            switch (event && event.currentTarget && event.currentTarget.id) {","            case 'testRunButton1':","                // show tests","                if (document.querySelector('#testReportDiv1').style.display === 'none') {","                    document.querySelector('#testReportDiv1').style.display = 'block';","                    document.querySelector('#testRunButton1').textContent =","                        'hide internal test';","                    local.modeTest = true;","                    local.testRunDefault(local);","                // hide tests","                } else {","                    document.querySelector('#testReportDiv1').style.display = 'none';","                    document.querySelector('#testRunButton1').textContent = 'run internal test';","                }","                break;","            // custom-case","            default:","                break;","            }","            if (document.querySelector('#inputTextareaEval1') && (!event || (event &&","                    event.currentTarget &&","                    event.currentTarget.className &&","                    event.currentTarget.className.includes &&","                    event.currentTarget.className.includes('oneval')))) {","                // try to eval input-code","                try {","                    /*jslint evil: true*/","                    eval(document.querySelector('#inputTextareaEval1').value);","                } catch (errorCaught) {","                    console.error(errorCaught);","                }","            }","        };","        // log stderr and stdout to #outputTextareaStdout1","        ['error', 'log'].forEach(function (key) {","            console[key + '_original'] = console[key];","            console[key] = function () {","                var element;","                console[key + '_original'].apply(console, arguments);","                element = document.querySelector('#outputTextareaStdout1');","                if (!element) {","                    return;","                }","                // append text to #outputTextareaStdout1","                element.value += Array.from(arguments).map(function (arg) {","                    return typeof arg === 'string'","                        ? arg","                        : JSON.stringify(arg, null, 4);","                }).join(' ') + '\\n';","                // scroll textarea to bottom","                element.scrollTop = element.scrollHeight;","            };","        });","        // init event-handling","        ['change', 'click', 'keyup'].forEach(function (event) {","            Array.from(document.querySelectorAll('.on' + event)).forEach(function (element) {","                element.addEventListener(event, local.testRunBrowser);","            });","        });","        // run tests","        local.testRunBrowser();","        break;","","","","    // run node js-env code - post-init","    /* istanbul ignore next */","    case 'node':","        // export local","        module.exports = local;","        // require modules","        local.fs = require('fs');","        local.http = require('http');","        local.url = require('url');","        // init assets","        local.assetsDict = local.assetsDict || {};","        /* jslint-ignore-begin */","        local.assetsDict['/assets.index.template.html'] = '\\","<!doctype html>\\n\\","<html lang=\"en\">\\n\\","<head>\\n\\","<meta charset=\"UTF-8\">\\n\\","<meta name=\"viewport\" content=\"width=device-width, initial-scale=1\">\\n\\","<title>{{env.npm_package_name}} (v{{env.npm_package_version}})</title>\\n\\","<style>\\n\\","/*csslint\\n\\","    box-sizing: false,\\n\\","    universal-selector: false\\n\\","*/\\n\\","* {\\n\\","    box-sizing: border-box;\\n\\","}\\n\\","body {\\n\\","    background: #dde;\\n\\","    font-family: Arial, Helvetica, sans-serif;\\n\\","    margin: 2rem;\\n\\","}\\n\\","body > * {\\n\\","    margin-bottom: 1rem;\\n\\","}\\n\\",".utility2FooterDiv {\\n\\","    margin-top: 20px;\\n\\","    text-align: center;\\n\\","}\\n\\","</style>\\n\\","<style>\\n\\","/*csslint\\n\\","*/\\n\\","textarea {\\n\\","    font-family: monospace;\\n\\","    height: 10rem;\\n\\","    width: 100%;\\n\\","}\\n\\","textarea[readonly] {\\n\\","    background: #ddd;\\n\\","}\\n\\","</style>\\n\\","</head>\\n\\","<body>\\n\\","<!-- utility2-comment\\n\\","<div id=\"ajaxProgressDiv1\" style=\"background: #d00; height: 2px; left: 0; margin: 0; padding: 0; position: fixed; top: 0; transition: background 0.5s, width 1.5s; width: 25%;\"></div>\\n\\","utility2-comment -->\\n\\","<h1>\\n\\","<!-- utility2-comment\\n\\","    <a\\n\\","        {{#if env.npm_package_homepage}}\\n\\","        href=\"{{env.npm_package_homepage}}\"\\n\\","        {{/if env.npm_package_homepage}}\\n\\","        target=\"_blank\"\\n\\","    >\\n\\","utility2-comment -->\\n\\","        {{env.npm_package_name}} (v{{env.npm_package_version}})\\n\\","<!-- utility2-comment\\n\\","    </a>\\n\\","utility2-comment -->\\n\\","</h1>\\n\\","<h3>{{env.npm_package_description}}</h3>\\n\\","<!-- utility2-comment\\n\\","<h4><a download href=\"assets.app.js\">download standalone app</a></h4>\\n\\","<button class=\"onclick onreset\" id=\"testRunButton1\">run internal test</button><br>\\n\\","<div id=\"testReportDiv1\" style=\"display: none;\"></div>\\n\\","utility2-comment -->\\n\\","\\n\\","\\n\\","\\n\\","<label>stderr and stdout</label>\\n\\","<textarea class=\"resettable\" id=\"outputTextareaStdout1\" readonly></textarea>\\n\\","<!-- utility2-comment\\n\\","{{#if isRollup}}\\n\\","<script src=\"assets.app.js\"></script>\\n\\","{{#unless isRollup}}\\n\\","utility2-comment -->\\n\\","<script src=\"assets.utility2.rollup.js\"></script>\\n\\","<script src=\"jsonp.utility2._stateInit?callback=window.utility2._stateInit\"></script>\\n\\","<script src=\"assets.npmtest_generator_node_webkit.rollup.js\"></script>\\n\\","<script src=\"assets.example.js\"></script>\\n\\","<script src=\"assets.test.js\"></script>\\n\\","<!-- utility2-comment\\n\\","{{/if isRollup}}\\n\\","utility2-comment -->\\n\\","<div class=\"utility2FooterDiv\">\\n\\","    [ this app was created with\\n\\","    <a href=\"https://github.com/kaizhu256/node-utility2\" target=\"_blank\">utility2</a>\\n\\","    ]\\n\\","</div>\\n\\","</body>\\n\\","</html>\\n\\","';","        /* jslint-ignore-end */","        if (local.templateRender) {","            local.assetsDict['/'] = local.templateRender(","                local.assetsDict['/assets.index.template.html'],","                {","                    env: local.objectSetDefault(local.env, {","                        npm_package_description: 'the greatest app in the world!',","                        npm_package_name: 'my-app',","                        npm_package_nameAlias: 'my_app',","                        npm_package_version: '0.0.1'","                    })","                }","            );","        } else {","            local.assetsDict['/'] = local.assetsDict['/assets.index.template.html']","                .replace((/\\{\\{env\\.(\\w+?)\\}\\}/g), function (match0, match1) {","                    // jslint-hack","                    String(match0);","                    switch (match1) {","                    case 'npm_package_description':","                        return 'the greatest app in the world!';","                    case 'npm_package_name':","                        return 'my-app';","                    case 'npm_package_nameAlias':","                        return 'my_app';","                    case 'npm_package_version':","                        return '0.0.1';","                    }","                });","        }","        // run the cli","        if (local.global.utility2_rollup || module !== require.main) {","            break;","        }","        local.assetsDict['/assets.example.js'] =","            local.assetsDict['/assets.example.js'] ||","            local.fs.readFileSync(__filename, 'utf8');","        // bug-workaround - long $npm_package_buildCustomOrg","        /* jslint-ignore-begin */","        local.assetsDict['/assets.npmtest_generator_node_webkit.rollup.js'] =","            local.assetsDict['/assets.npmtest_generator_node_webkit.rollup.js'] ||","            local.fs.readFileSync(","                local.npmtest_generator_node_webkit.__dirname + '/lib.npmtest_generator_node_webkit.js',","                'utf8'","            ).replace((/^#!/), '//');","        /* jslint-ignore-end */","        local.assetsDict['/favicon.ico'] = local.assetsDict['/favicon.ico'] || '';","        // if $npm_config_timeout_exit exists,","        // then exit this process after $npm_config_timeout_exit ms","        if (Number(process.env.npm_config_timeout_exit)) {","            setTimeout(process.exit, Number(process.env.npm_config_timeout_exit));","        }","        // start server","        if (local.global.utility2_serverHttp1) {","            break;","        }","        process.env.PORT = process.env.PORT || '8081';","        console.error('server starting on port ' + process.env.PORT);","        local.http.createServer(function (request, response) {","            request.urlParsed = local.url.parse(request.url);","            if (local.assetsDict[request.urlParsed.pathname] !== undefined) {","                response.end(local.assetsDict[request.urlParsed.pathname]);","                return;","            }","            response.statusCode = 404;","            response.end();","        }).listen(process.env.PORT);","        break;","    }","}());",""],"l":{"26":2,"28":2,"33":2,"35":2,"37":2,"38":2,"39":2,"44":1,"51":2,"55":2,"59":2,"61":2,"69":1,"70":2,"76":2,"79":2,"82":2,"83":2,"85":1,"89":2,"92":1,"93":1,"94":1,"96":1,"97":1,"100":1,"101":1,"103":1,"106":1,"108":2,"114":1,"116":1,"118":1,"123":1,"124":2,"125":2,"126":3,"127":3,"128":3,"129":3,"130":1,"133":3,"134":3,"139":3,"143":1,"144":3,"145":1,"149":1,"150":1,"158":1,"160":1,"161":1,"162":1,"164":1,"166":1,"258":1,"259":1,"271":1,"274":6,"275":6,"277":1,"279":2,"281":1,"283":2,"288":1,"289":1,"291":1,"296":1,"303":1,"306":1,"307":1,"310":1,"311":1,"313":1,"314":1,"315":1,"316":1,"317":1,"318":1,"319":1,"321":1,"322":1,"324":1}},"/home/travis/build/npmtest/node-npmtest-generator-node-webkit/node_modules/generator-node-webkit/app/index.js":{"path":"/home/travis/build/npmtest/node-npmtest-generator-node-webkit/node_modules/generator-node-webkit/app/index.js","s":{"1":1,"2":1,"3":1,"4":1,"5":1,"6":1,"7":1,"8":1,"9":1,"10":0,"11":0,"12":0,"13":0,"14":0,"15":1,"16":1,"17":0,"18":0,"19":1,"20":0,"21":0,"22":0,"23":0,"24":0,"25":0,"26":0,"27":0,"28":0,"29":0,"30":1,"31":0,"32":0,"33":0,"34":0,"35":0,"36":1,"37":0,"38":0,"39":0,"40":0,"41":0,"42":1,"43":0,"44":0,"45":0,"46":0,"47":0,"48":1,"49":0,"50":0,"51":0,"52":0,"53":0,"54":0,"55":0,"56":0,"57":0,"58":0,"59":0,"60":0,"61":0,"62":0,"63":0,"64":0,"65":0,"66":0,"67":0,"68":0,"69":0,"70":0,"71":0,"72":0,"73":1,"74":0,"75":0,"76":0,"77":0,"78":0,"79":0,"80":0,"81":0,"82":0,"83":0,"84":0,"85":1,"86":0,"87":0,"88":0,"89":1,"90":0,"91":0,"92":0,"93":0,"94":0,"95":0,"96":0,"97":0,"98":0,"99":0,"100":1,"101":0,"102":0,"103":0,"104":0,"105":0,"106":0,"107":0,"108":0,"109":0},"b":{"1":[0,0],"2":[0,0],"3":[0,0],"4":[0,0],"5":[0,0,0,0,0],"6":[0,0],"7":[0,0],"8":[0,0]},"f":{"1":0,"2":0,"3":0,"4":0,"5":0,"6":0,"7":0,"8":0,"9":0,"10":0,"11":0,"12":0,"13":0,"14":0,"15":0,"16":0,"17":0,"18":0,"19":0,"20":0,"21":0,"22":0},"fnMap":{"1":{"name":"NodeWebkitGenerator","line":14,"loc":{"start":{"line":14,"column":43},"end":{"line":14,"column":87}}},"2":{"name":"(anonymous_2)","line":17,"loc":{"start":{"line":17,"column":17},"end":{"line":17,"column":29}}},"3":{"name":"welcome","line":29,"loc":{"start":{"line":29,"column":40},"end":{"line":29,"column":59}}},"4":{"name":"askForAppName","line":35,"loc":{"start":{"line":35,"column":46},"end":{"line":35,"column":71}}},"5":{"name":"(anonymous_5)","line":44,"loc":{"start":{"line":44,"column":14},"end":{"line":44,"column":32}}},"6":{"name":"(anonymous_6)","line":52,"loc":{"start":{"line":52,"column":23},"end":{"line":52,"column":40}}},"7":{"name":"askForDescription","line":59,"loc":{"start":{"line":59,"column":50},"end":{"line":59,"column":79}}},"8":{"name":"(anonymous_8)","line":66,"loc":{"start":{"line":66,"column":23},"end":{"line":66,"column":40}}},"9":{"name":"askForGithubName","line":73,"loc":{"start":{"line":73,"column":49},"end":{"line":73,"column":77}}},"10":{"name":"(anonymous_10)","line":81,"loc":{"start":{"line":81,"column":23},"end":{"line":81,"column":40}}},"11":{"name":"askForInstallExamples","line":87,"loc":{"start":{"line":87,"column":54},"end":{"line":87,"column":87}}},"12":{"name":"(anonymous_12)","line":95,"loc":{"start":{"line":95,"column":23},"end":{"line":95,"column":40}}},"13":{"name":"getGithubUserInfo","line":102,"loc":{"start":{"line":102,"column":50},"end":{"line":102,"column":79}}},"14":{"name":"(anonymous_14)","line":105,"loc":{"start":{"line":105,"column":21},"end":{"line":105,"column":50}}},"15":{"name":"getExampleList","line":142,"loc":{"start":{"line":142,"column":47},"end":{"line":142,"column":73}}},"16":{"name":"(anonymous_16)","line":155,"loc":{"start":{"line":155,"column":12},"end":{"line":155,"column":28}}},"17":{"name":"(anonymous_17)","line":158,"loc":{"start":{"line":158,"column":29},"end":{"line":158,"column":46}}},"18":{"name":"createFolder","line":168,"loc":{"start":{"line":168,"column":55},"end":{"line":168,"column":79}}},"19":{"name":"(anonymous_19)","line":170,"loc":{"start":{"line":170,"column":42},"end":{"line":170,"column":54}}},"20":{"name":"processProjectfiles","line":175,"loc":{"start":{"line":175,"column":52},"end":{"line":175,"column":83}}},"21":{"name":"processAppFiles","line":188,"loc":{"start":{"line":188,"column":48},"end":{"line":188,"column":75}}},"22":{"name":"(anonymous_22)","line":192,"loc":{"start":{"line":192,"column":12},"end":{"line":192,"column":23}}}},"statementMap":{"1":{"start":{"line":4,"column":0},"end":{"line":4,"column":27}},"2":{"start":{"line":5,"column":0},"end":{"line":5,"column":27}},"3":{"start":{"line":6,"column":0},"end":{"line":6,"column":41}},"4":{"start":{"line":7,"column":0},"end":{"line":7,"column":25}},"5":{"start":{"line":8,"column":0},"end":{"line":8,"column":34}},"6":{"start":{"line":9,"column":0},"end":{"line":9,"column":26}},"7":{"start":{"line":10,"column":0},"end":{"line":10,"column":63}},"8":{"start":{"line":12,"column":0},"end":{"line":12,"column":40}},"9":{"start":{"line":14,"column":0},"end":{"line":25,"column":2}},"10":{"start":{"line":15,"column":2},"end":{"line":15,"column":48}},"11":{"start":{"line":17,"column":2},"end":{"line":21,"column":5}},"12":{"start":{"line":18,"column":4},"end":{"line":20,"column":7}},"13":{"start":{"line":23,"column":2},"end":{"line":23,"column":83}},"14":{"start":{"line":24,"column":2},"end":{"line":24,"column":22}},"15":{"start":{"line":27,"column":0},"end":{"line":27,"column":59}},"16":{"start":{"line":29,"column":0},"end":{"line":33,"column":2}},"17":{"start":{"line":30,"column":2},"end":{"line":32,"column":3}},"18":{"start":{"line":31,"column":4},"end":{"line":31,"column":29}},"19":{"start":{"line":35,"column":0},"end":{"line":57,"column":2}},"20":{"start":{"line":36,"column":2},"end":{"line":36,"column":26}},"21":{"start":{"line":37,"column":2},"end":{"line":37,"column":48}},"22":{"start":{"line":38,"column":2},"end":{"line":38,"column":38}},"23":{"start":{"line":40,"column":2},"end":{"line":50,"column":5}},"24":{"start":{"line":45,"column":6},"end":{"line":47,"column":7}},"25":{"start":{"line":46,"column":8},"end":{"line":46,"column":104}},"26":{"start":{"line":48,"column":6},"end":{"line":48,"column":18}},"27":{"start":{"line":52,"column":2},"end":{"line":55,"column":16}},"28":{"start":{"line":53,"column":4},"end":{"line":53,"column":33}},"29":{"start":{"line":54,"column":4},"end":{"line":54,"column":11}},"30":{"start":{"line":59,"column":0},"end":{"line":71,"column":2}},"31":{"start":{"line":60,"column":2},"end":{"line":60,"column":26}},"32":{"start":{"line":61,"column":2},"end":{"line":64,"column":5}},"33":{"start":{"line":66,"column":2},"end":{"line":69,"column":16}},"34":{"start":{"line":67,"column":4},"end":{"line":67,"column":47}},"35":{"start":{"line":68,"column":4},"end":{"line":68,"column":11}},"36":{"start":{"line":73,"column":0},"end":{"line":85,"column":2}},"37":{"start":{"line":74,"column":2},"end":{"line":74,"column":26}},"38":{"start":{"line":75,"column":2},"end":{"line":79,"column":5}},"39":{"start":{"line":81,"column":2},"end":{"line":84,"column":16}},"40":{"start":{"line":82,"column":4},"end":{"line":82,"column":39}},"41":{"start":{"line":83,"column":4},"end":{"line":83,"column":11}},"42":{"start":{"line":87,"column":0},"end":{"line":100,"column":2}},"43":{"start":{"line":88,"column":2},"end":{"line":88,"column":26}},"44":{"start":{"line":89,"column":2},"end":{"line":94,"column":5}},"45":{"start":{"line":95,"column":2},"end":{"line":98,"column":16}},"46":{"start":{"line":96,"column":4},"end":{"line":96,"column":49}},"47":{"start":{"line":97,"column":4},"end":{"line":97,"column":11}},"48":{"start":{"line":102,"column":0},"end":{"line":140,"column":2}},"49":{"start":{"line":103,"column":2},"end":{"line":103,"column":26}},"50":{"start":{"line":104,"column":2},"end":{"line":104,"column":19}},"51":{"start":{"line":105,"column":2},"end":{"line":118,"column":4}},"52":{"start":{"line":106,"column":4},"end":{"line":117,"column":5}},"53":{"start":{"line":107,"column":6},"end":{"line":107,"column":75}},"54":{"start":{"line":108,"column":6},"end":{"line":108,"column":63}},"55":{"start":{"line":109,"column":6},"end":{"line":109,"column":13}},"56":{"start":{"line":111,"column":6},"end":{"line":111,"column":68}},"57":{"start":{"line":112,"column":6},"end":{"line":112,"column":66}},"58":{"start":{"line":113,"column":6},"end":{"line":113,"column":26}},"59":{"start":{"line":114,"column":6},"end":{"line":114,"column":43}},"60":{"start":{"line":115,"column":6},"end":{"line":115,"column":48}},"61":{"start":{"line":116,"column":6},"end":{"line":116,"column":13}},"62":{"start":{"line":120,"column":2},"end":{"line":139,"column":3}},"63":{"start":{"line":121,"column":4},"end":{"line":121,"column":127}},"64":{"start":{"line":122,"column":4},"end":{"line":124,"column":6}},"65":{"start":{"line":126,"column":4},"end":{"line":130,"column":5}},"66":{"start":{"line":127,"column":6},"end":{"line":127,"column":31}},"67":{"start":{"line":128,"column":6},"end":{"line":128,"column":59}},"68":{"start":{"line":129,"column":6},"end":{"line":129,"column":55}},"69":{"start":{"line":132,"column":4},"end":{"line":132,"column":46}},"70":{"start":{"line":133,"column":4},"end":{"line":133,"column":45}},"71":{"start":{"line":134,"column":4},"end":{"line":136,"column":21}},"72":{"start":{"line":138,"column":4},"end":{"line":138,"column":11}},"73":{"start":{"line":142,"column":0},"end":{"line":166,"column":2}},"74":{"start":{"line":143,"column":2},"end":{"line":143,"column":26}},"75":{"start":{"line":144,"column":2},"end":{"line":165,"column":3}},"76":{"start":{"line":145,"column":4},"end":{"line":150,"column":7}},"77":{"start":{"line":152,"column":4},"end":{"line":152,"column":42}},"78":{"start":{"line":153,"column":4},"end":{"line":153,"column":57}},"79":{"start":{"line":154,"column":4},"end":{"line":162,"column":20}},"80":{"start":{"line":156,"column":8},"end":{"line":156,"column":34}},"81":{"start":{"line":158,"column":8},"end":{"line":161,"column":22}},"82":{"start":{"line":159,"column":10},"end":{"line":159,"column":39}},"83":{"start":{"line":160,"column":10},"end":{"line":160,"column":17}},"84":{"start":{"line":164,"column":4},"end":{"line":164,"column":11}},"85":{"start":{"line":168,"column":0},"end":{"line":173,"column":2}},"86":{"start":{"line":169,"column":2},"end":{"line":169,"column":26}},"87":{"start":{"line":170,"column":2},"end":{"line":172,"column":5}},"88":{"start":{"line":171,"column":4},"end":{"line":171,"column":11}},"89":{"start":{"line":175,"column":0},"end":{"line":186,"column":2}},"90":{"start":{"line":176,"column":2},"end":{"line":176,"column":45}},"91":{"start":{"line":177,"column":2},"end":{"line":177,"column":37}},"92":{"start":{"line":178,"column":2},"end":{"line":178,"column":39}},"93":{"start":{"line":179,"column":2},"end":{"line":179,"column":41}},"94":{"start":{"line":180,"column":2},"end":{"line":180,"column":80}},"95":{"start":{"line":181,"column":2},"end":{"line":181,"column":58}},"96":{"start":{"line":182,"column":2},"end":{"line":182,"column":66}},"97":{"start":{"line":183,"column":2},"end":{"line":183,"column":49}},"98":{"start":{"line":184,"column":2},"end":{"line":184,"column":49}},"99":{"start":{"line":185,"column":2},"end":{"line":185,"column":71}},"100":{"start":{"line":188,"column":0},"end":{"line":202,"column":2}},"101":{"start":{"line":189,"column":2},"end":{"line":189,"column":26}},"102":{"start":{"line":190,"column":2},"end":{"line":201,"column":3}},"103":{"start":{"line":191,"column":4},"end":{"line":194,"column":9}},"104":{"start":{"line":193,"column":8},"end":{"line":193,"column":15}},"105":{"start":{"line":196,"column":4},"end":{"line":196,"column":51}},"106":{"start":{"line":197,"column":4},"end":{"line":197,"column":50}},"107":{"start":{"line":198,"column":4},"end":{"line":198,"column":59}},"108":{"start":{"line":199,"column":4},"end":{"line":199,"column":61}},"109":{"start":{"line":200,"column":4},"end":{"line":200,"column":11}}},"branchMap":{"1":{"line":30,"type":"if","locations":[{"start":{"line":30,"column":2},"end":{"line":30,"column":2}},{"start":{"line":30,"column":2},"end":{"line":30,"column":2}}]},"2":{"line":45,"type":"if","locations":[{"start":{"line":45,"column":6},"end":{"line":45,"column":6}},{"start":{"line":45,"column":6},"end":{"line":45,"column":6}}]},"3":{"line":106,"type":"if","locations":[{"start":{"line":106,"column":4},"end":{"line":106,"column":4}},{"start":{"line":106,"column":4},"end":{"line":106,"column":4}}]},"4":{"line":120,"type":"if","locations":[{"start":{"line":120,"column":2},"end":{"line":120,"column":2}},{"start":{"line":120,"column":2},"end":{"line":120,"column":2}}]},"5":{"line":121,"type":"binary-expr","locations":[{"start":{"line":121,"column":16},"end":{"line":121,"column":38}},{"start":{"line":121,"column":42},"end":{"line":121,"column":64}},{"start":{"line":121,"column":68},"end":{"line":121,"column":91}},{"start":{"line":121,"column":95},"end":{"line":121,"column":118}},{"start":{"line":121,"column":122},"end":{"line":121,"column":126}}]},"6":{"line":126,"type":"if","locations":[{"start":{"line":126,"column":4},"end":{"line":126,"column":4}},{"start":{"line":126,"column":4},"end":{"line":126,"column":4}}]},"7":{"line":144,"type":"if","locations":[{"start":{"line":144,"column":2},"end":{"line":144,"column":2}},{"start":{"line":144,"column":2},"end":{"line":144,"column":2}}]},"8":{"line":190,"type":"if","locations":[{"start":{"line":190,"column":2},"end":{"line":190,"column":2}},{"start":{"line":190,"column":2},"end":{"line":190,"column":2}}]}},"code":["/*global require*/","'use strict';","","var util = require('util');","var path = require('path');","var yeoman = require('yeoman-generator');","var url = require('url');","var GitHubApi = require('github');","var _ = require('lodash');","var readFileAsString = require(\"html-wiring\").readFileAsString;","","var Examples = require('./examples.js');","","var NodeWebkitGenerator = module.exports = function NodeWebkitGenerator(args, options) {","  yeoman.generators.Base.apply(this, arguments);","","  this.on('end', function () {","    this.installDependencies({","      skipInstall: options['skip-install']","    });","  });","","  this.pkg = JSON.parse(readFileAsString(path.join(__dirname, '../package.json')));","  this.github = false;","};","","util.inherits(NodeWebkitGenerator, yeoman.generators.Base);","","NodeWebkitGenerator.prototype.welcome = function welcome() {","  if (!this.options['skip-welcome-message']) {","    console.log(this.yeoman);","  }","};","","NodeWebkitGenerator.prototype.askForAppName = function askForAppName() {","  var done = this.async();","  var basePath = path.basename(process.env.PWD);","  var appName = _.camelCase(basePath);","","  var prompts = [{","    name: 'appName',","    message: 'What do you want to call your app? Allowed characters ^[a-zA-Z0-9]+$',","    default: appName,","    validate: function (answer) {","      if (!/^[a-zA-Z0-9]+$/.test(answer)) {","        return 'The application name should only consist of the following characters a-z, A-Z and 0-9.';","      }","      return true;","    }","  }];","","  this.prompt(prompts, function (props) {","    this.appName = props.appName;","    done();","  }.bind(this));","","};","","NodeWebkitGenerator.prototype.askForDescription = function askForDescription() {","  var done = this.async();","  var prompts = [{","    name: 'appDescription',","    message: 'A little description for your app?'","  }];","","  this.prompt(prompts, function (props) {","    this.appDescription = props.appDescription;","    done();","  }.bind(this));","","};","","NodeWebkitGenerator.prototype.askForGithubName = function askForGithubName() {","  var done = this.async();","  var prompts = [{","    name: 'githubUser',","    message: 'Would you mind telling me your username on GitHub?',","    default: 'someuser'","  }];","","  this.prompt(prompts, function (props) {","    this.githubUser = props.githubUser;","    done();","  }.bind(this));","};","","NodeWebkitGenerator.prototype.askForInstallExamples = function askForInstallExamples() {","  var done = this.async();","  var prompts = [{","    type: 'confirm',","    name: 'installExamples',","    message: 'Do you want to install one of the node-webkit examples?',","    default: false","  }];","  this.prompt(prompts, function (props) {","    this.installExamples = props.installExamples;","    done();","  }.bind(this));","","};","","NodeWebkitGenerator.prototype.getGithubUserInfo = function getGithubUserInfo() {","  var done = this.async();","  var _this = this;","  var responseClbk = function (err, responseText) {","    if (err) {","      _this.log.info('Error while fetching github user information.', err);","      _this.log.skip('Skip fetching github user information.');","      done();","    } else {","      var responseObject = JSON.parse(JSON.stringify(responseText));","      _this.log.ok('Github informations successfully retrieved.');","      _this.github = true;","      _this.realname = responseObject.name;","      _this.githubUrl = responseObject.html_url;","      done();","    }","  };","","  if (this.githubUser !== 'someuser') {","    var proxy = process.env.http_proxy || process.env.HTTP_PROXY || process.env.https_proxy || process.env.HTTPS_PROXY || null;","    var githubOptions = {","      version: '3.0.0'","    };","","    if (proxy) {","      githubOptions.proxy = {};","      githubOptions.proxy.host = url.parse(proxy).hostname;","      githubOptions.proxy.port = url.parse(proxy).port;","    }","","    var github = new GitHubApi(githubOptions);","    this.log.info('Get GitHub informations');","    github.user.getFrom({","      user: this.githubUser","    }, responseClbk);","  } else {","    done();","  }","};","","NodeWebkitGenerator.prototype.getExampleList = function getExampleList() {","  var done = this.async();","  if (this.installExamples) {","    var prompts = [{","      type: 'list',","      name: 'example',","      message: 'Which example do you want to install?',","      choices: []","    }];","","    this.examplesAPI = new Examples(this);","    this.log.info('Getting list of available examples.');","    this.examplesAPI.getExampleList()","      .then(function (list) {","        prompts[0].choices = list;","","        this.prompt(prompts, function (props) {","          this.example = props.example;","          done();","        }.bind(this));","      }.bind(this));","  } else {","    done();","  }","};","","NodeWebkitGenerator.prototype.nodeWebkitSubgenerator = function createFolder() {","  var done = this.async();","  this.invoke(\"node-webkit:download\", {}, function () {","    done();","  });","};","","NodeWebkitGenerator.prototype.processProjectfiles = function processProjectfiles() {","  this.copy('editorconfig', '.editorconfig');","  this.copy('jshintrc', '.jshintrc');","  this.copy('gitignore', '.gitignore');","  this.copy('_bower.json', 'bower.json');","  this.copy('mac/dmgStyler.applescript', 'resources/mac/dmgStyler.applescript');","  this.copy('mac/package.sh', 'resources/mac/package.sh');","  this.copy('mac/background.png', 'resources/mac/background.png');","  this.template('_package.json', 'package.json');","  this.template('_Gruntfile.js', 'Gruntfile.js');","  this.template('mac/_Info.plist.tmp', 'resources/mac/Info.plist.tmp');","};","","NodeWebkitGenerator.prototype.processAppFiles = function processAppFiles() {","  var done = this.async();","  if (this.installExamples) {","    this.examplesAPI.downloadAndInstallExamples(this.example)","      .then(function() {","        done();","      });","  } else {","    this.copy('app/_main.css', 'app/css/main.css');","    this.copy('app/_index.js', 'app/js/index.js');","    this.template('app/_package.json', 'app/package.json');","    this.template('app/_index.html', 'app/views/index.html');","    done();","  }","};",""],"l":{"4":1,"5":1,"6":1,"7":1,"8":1,"9":1,"10":1,"12":1,"14":1,"15":0,"17":0,"18":0,"23":0,"24":0,"27":1,"29":1,"30":0,"31":0,"35":1,"36":0,"37":0,"38":0,"40":0,"45":0,"46":0,"48":0,"52":0,"53":0,"54":0,"59":1,"60":0,"61":0,"66":0,"67":0,"68":0,"73":1,"74":0,"75":0,"81":0,"82":0,"83":0,"87":1,"88":0,"89":0,"95":0,"96":0,"97":0,"102":1,"103":0,"104":0,"105":0,"106":0,"107":0,"108":0,"109":0,"111":0,"112":0,"113":0,"114":0,"115":0,"116":0,"120":0,"121":0,"122":0,"126":0,"127":0,"128":0,"129":0,"132":0,"133":0,"134":0,"138":0,"142":1,"143":0,"144":0,"145":0,"152":0,"153":0,"154":0,"156":0,"158":0,"159":0,"160":0,"164":0,"168":1,"169":0,"170":0,"171":0,"175":1,"176":0,"177":0,"178":0,"179":0,"180":0,"181":0,"182":0,"183":0,"184":0,"185":0,"188":1,"189":0,"190":0,"191":0,"193":0,"196":0,"197":0,"198":0,"199":0,"200":0}},"/home/travis/build/npmtest/node-npmtest-generator-node-webkit/node_modules/generator-node-webkit/app/examples.js":{"path":"/home/travis/build/npmtest/node-npmtest-generator-node-webkit/node_modules/generator-node-webkit/app/examples.js","s":{"1":1,"2":1,"3":1,"4":1,"5":1,"6":1,"7":1,"8":1,"9":1,"10":0,"11":0,"12":0,"13":1,"14":1,"15":0,"16":0,"17":1,"18":0,"19":0,"20":0,"21":0,"22":1,"23":0,"24":0,"25":0,"26":0,"27":0,"28":0,"29":0,"30":0,"31":0,"32":0,"33":1,"34":0,"35":0,"36":0,"37":0,"38":0,"39":1,"40":0,"41":0,"42":0,"43":0,"44":0,"45":0,"46":0,"47":0,"48":0,"49":0,"50":0,"51":0,"52":0,"53":1,"54":0,"55":0,"56":0,"57":0,"58":0,"59":0,"60":0,"61":0,"62":0,"63":0,"64":0,"65":0,"66":0,"67":0,"68":1,"69":0,"70":0,"71":0,"72":0,"73":0,"74":0,"75":0,"76":0,"77":1},"b":{"1":[1,1,1,1,1],"2":[0,1],"3":[0,0],"4":[0,0],"5":[0,0],"6":[0,0]},"f":{"1":0,"2":0,"3":0,"4":0,"5":0,"6":0,"7":0,"8":0,"9":0,"10":0,"11":0,"12":0,"13":0,"14":0,"15":0,"16":0},"fnMap":{"1":{"name":"Examples","line":21,"loc":{"start":{"line":21,"column":0},"end":{"line":21,"column":26}}},"2":{"name":"(anonymous_2)","line":26,"loc":{"start":{"line":26,"column":41},"end":{"line":26,"column":53}}},"3":{"name":"(anonymous_3)","line":33,"loc":{"start":{"line":33,"column":4},"end":{"line":33,"column":25}}},"4":{"name":"(anonymous_4)","line":40,"loc":{"start":{"line":40,"column":36},"end":{"line":40,"column":48}}},"5":{"name":"(anonymous_5)","line":44,"loc":{"start":{"line":44,"column":10},"end":{"line":44,"column":26}}},"6":{"name":"(anonymous_6)","line":46,"loc":{"start":{"line":46,"column":24},"end":{"line":46,"column":45}}},"7":{"name":"downloadAndInstallExamples","line":57,"loc":{"start":{"line":57,"column":48},"end":{"line":57,"column":93}}},"8":{"name":"(anonymous_8)","line":64,"loc":{"start":{"line":64,"column":10},"end":{"line":64,"column":22}}},"9":{"name":"downloadExamples","line":71,"loc":{"start":{"line":71,"column":38},"end":{"line":71,"column":66}}},"10":{"name":"(anonymous_10)","line":80,"loc":{"start":{"line":80,"column":20},"end":{"line":80,"column":35}}},"11":{"name":"(anonymous_11)","line":83,"loc":{"start":{"line":83,"column":29},"end":{"line":83,"column":41}}},"12":{"name":"unzipExamples","line":94,"loc":{"start":{"line":94,"column":35},"end":{"line":94,"column":60}}},"13":{"name":"(anonymous_13)","line":101,"loc":{"start":{"line":101,"column":25},"end":{"line":101,"column":42}}},"14":{"name":"(anonymous_14)","line":106,"loc":{"start":{"line":106,"column":27},"end":{"line":106,"column":39}}},"15":{"name":"installExamples","line":120,"loc":{"start":{"line":120,"column":37},"end":{"line":120,"column":64}}},"16":{"name":"(anonymous_16)","line":123,"loc":{"start":{"line":123,"column":62},"end":{"line":123,"column":77}}}},"statementMap":{"1":{"start":{"line":1,"column":0},"end":{"line":1,"column":27}},"2":{"start":{"line":2,"column":0},"end":{"line":2,"column":34}},"3":{"start":{"line":3,"column":0},"end":{"line":3,"column":33}},"4":{"start":{"line":4,"column":0},"end":{"line":4,"column":29}},"5":{"start":{"line":5,"column":0},"end":{"line":5,"column":46}},"6":{"start":{"line":6,"column":0},"end":{"line":6,"column":25}},"7":{"start":{"line":8,"column":0},"end":{"line":8,"column":123}},"8":{"start":{"line":9,"column":0},"end":{"line":11,"column":2}},"9":{"start":{"line":13,"column":0},"end":{"line":17,"column":1}},"10":{"start":{"line":14,"column":2},"end":{"line":14,"column":27}},"11":{"start":{"line":15,"column":2},"end":{"line":15,"column":55}},"12":{"start":{"line":16,"column":2},"end":{"line":16,"column":51}},"13":{"start":{"line":19,"column":0},"end":{"line":19,"column":42}},"14":{"start":{"line":21,"column":0},"end":{"line":24,"column":1}},"15":{"start":{"line":22,"column":2},"end":{"line":22,"column":23}},"16":{"start":{"line":23,"column":2},"end":{"line":23,"column":20}},"17":{"start":{"line":26,"column":0},"end":{"line":38,"column":2}},"18":{"start":{"line":27,"column":2},"end":{"line":27,"column":27}},"19":{"start":{"line":28,"column":2},"end":{"line":36,"column":4}},"20":{"start":{"line":34,"column":6},"end":{"line":34,"column":26}},"21":{"start":{"line":37,"column":2},"end":{"line":37,"column":23}},"22":{"start":{"line":40,"column":0},"end":{"line":55,"column":2}},"23":{"start":{"line":41,"column":2},"end":{"line":41,"column":19}},"24":{"start":{"line":42,"column":2},"end":{"line":42,"column":27}},"25":{"start":{"line":43,"column":2},"end":{"line":53,"column":7}},"26":{"start":{"line":45,"column":6},"end":{"line":45,"column":20}},"27":{"start":{"line":46,"column":6},"end":{"line":51,"column":9}},"28":{"start":{"line":47,"column":8},"end":{"line":50,"column":9}},"29":{"start":{"line":48,"column":10},"end":{"line":48,"column":36}},"30":{"start":{"line":49,"column":10},"end":{"line":49,"column":40}},"31":{"start":{"line":52,"column":6},"end":{"line":52,"column":26}},"32":{"start":{"line":54,"column":2},"end":{"line":54,"column":23}},"33":{"start":{"line":57,"column":0},"end":{"line":69,"column":2}},"34":{"start":{"line":58,"column":2},"end":{"line":58,"column":25}},"35":{"start":{"line":59,"column":2},"end":{"line":59,"column":27}},"36":{"start":{"line":61,"column":2},"end":{"line":66,"column":7}},"37":{"start":{"line":65,"column":6},"end":{"line":65,"column":22}},"38":{"start":{"line":68,"column":2},"end":{"line":68,"column":23}},"39":{"start":{"line":71,"column":0},"end":{"line":92,"column":2}},"40":{"start":{"line":72,"column":2},"end":{"line":72,"column":27}},"41":{"start":{"line":73,"column":2},"end":{"line":73,"column":19}},"42":{"start":{"line":74,"column":2},"end":{"line":90,"column":3}},"43":{"start":{"line":75,"column":4},"end":{"line":75,"column":61}},"44":{"start":{"line":77,"column":4},"end":{"line":77,"column":75}},"45":{"start":{"line":78,"column":4},"end":{"line":79,"column":25}},"46":{"start":{"line":80,"column":4},"end":{"line":82,"column":7}},"47":{"start":{"line":81,"column":6},"end":{"line":81,"column":37}},"48":{"start":{"line":83,"column":4},"end":{"line":85,"column":7}},"49":{"start":{"line":84,"column":6},"end":{"line":84,"column":22}},"50":{"start":{"line":88,"column":4},"end":{"line":88,"column":66}},"51":{"start":{"line":89,"column":4},"end":{"line":89,"column":20}},"52":{"start":{"line":91,"column":2},"end":{"line":91,"column":23}},"53":{"start":{"line":94,"column":0},"end":{"line":118,"column":2}},"54":{"start":{"line":95,"column":2},"end":{"line":95,"column":27}},"55":{"start":{"line":96,"column":2},"end":{"line":96,"column":19}},"56":{"start":{"line":97,"column":2},"end":{"line":116,"column":3}},"57":{"start":{"line":98,"column":4},"end":{"line":98,"column":44}},"58":{"start":{"line":99,"column":4},"end":{"line":99,"column":69}},"59":{"start":{"line":101,"column":4},"end":{"line":104,"column":7}},"60":{"start":{"line":102,"column":6},"end":{"line":102,"column":95}},"61":{"start":{"line":103,"column":6},"end":{"line":103,"column":26}},"62":{"start":{"line":106,"column":4},"end":{"line":109,"column":7}},"63":{"start":{"line":107,"column":6},"end":{"line":107,"column":60}},"64":{"start":{"line":108,"column":6},"end":{"line":108,"column":22}},"65":{"start":{"line":111,"column":4},"end":{"line":113,"column":7}},"66":{"start":{"line":115,"column":4},"end":{"line":115,"column":20}},"67":{"start":{"line":117,"column":2},"end":{"line":117,"column":23}},"68":{"start":{"line":120,"column":0},"end":{"line":131,"column":2}},"69":{"start":{"line":121,"column":2},"end":{"line":121,"column":19}},"70":{"start":{"line":122,"column":2},"end":{"line":122,"column":27}},"71":{"start":{"line":123,"column":2},"end":{"line":129,"column":5}},"72":{"start":{"line":124,"column":4},"end":{"line":127,"column":5}},"73":{"start":{"line":125,"column":6},"end":{"line":125,"column":68}},"74":{"start":{"line":126,"column":6},"end":{"line":126,"column":24}},"75":{"start":{"line":128,"column":4},"end":{"line":128,"column":20}},"76":{"start":{"line":130,"column":2},"end":{"line":130,"column":23}},"77":{"start":{"line":133,"column":0},"end":{"line":133,"column":26}}},"branchMap":{"1":{"line":8,"type":"binary-expr","locations":[{"start":{"line":8,"column":12},"end":{"line":8,"column":34}},{"start":{"line":8,"column":38},"end":{"line":8,"column":60}},{"start":{"line":8,"column":64},"end":{"line":8,"column":87}},{"start":{"line":8,"column":91},"end":{"line":8,"column":114}},{"start":{"line":8,"column":118},"end":{"line":8,"column":122}}]},"2":{"line":13,"type":"if","locations":[{"start":{"line":13,"column":0},"end":{"line":13,"column":0}},{"start":{"line":13,"column":0},"end":{"line":13,"column":0}}]},"3":{"line":47,"type":"if","locations":[{"start":{"line":47,"column":8},"end":{"line":47,"column":8}},{"start":{"line":47,"column":8},"end":{"line":47,"column":8}}]},"4":{"line":74,"type":"if","locations":[{"start":{"line":74,"column":2},"end":{"line":74,"column":2}},{"start":{"line":74,"column":2},"end":{"line":74,"column":2}}]},"5":{"line":97,"type":"if","locations":[{"start":{"line":97,"column":2},"end":{"line":97,"column":2}},{"start":{"line":97,"column":2},"end":{"line":97,"column":2}}]},"6":{"line":124,"type":"if","locations":[{"start":{"line":124,"column":4},"end":{"line":124,"column":4}},{"start":{"line":124,"column":4},"end":{"line":124,"column":4}}]}},"code":["var when = require('when');","var GitHubApi = require('github');","var request = require('request');","var fs = require('fs-extra');","var DecompressZip = require('decompress-zip');","var url = require('url');","","var proxy = process.env.http_proxy || process.env.HTTP_PROXY || process.env.https_proxy || process.env.HTTPS_PROXY || null;","var githubOptions = {","  version: '3.0.0'","};","","if (proxy) {","  githubOptions.proxy = {};","  githubOptions.proxy.host = url.parse(proxy).hostname;","  githubOptions
[...]
:{"line":430,"column":4},"end":{"line":443,"column":7}},"104":{"start":{"line":431,"column":6},"end":{"line":431,"column":24}},"105":{"start":{"line":432,"column":6},"end":{"line":434,"column":7}},"106":{"start":{"line":433,"column":8},"end":{"line":433,"column":32}},"107":{"start":{"line":435,"column":6},"end":{"line":437,"column":7}},"108":{"start":{"line":436,"column":8},"end":{"line":436,"column":32}},"109":{"start":{"line":438,"column":6},"end":{"line":441,"column":7}},"110":{"start":{"line":439,"column":8},"end":{"line":439,"column":31}},"111":{"start":{"line":440,"column":8},"end":{"line":440,"column":23}},"112":{"start":{"line":442,"column":6},"end":{"line":442,"column":19}}},"branchMap":{"1":{"line":226,"type":"if","locations":[{"start":{"line":226,"column":4},"end":{"line":226,"column":4}},{"start":{"line":226,"column":4},"end":{"line":226,"column":4}}]},"2":{"line":231,"type":"if","locations":[{"start":{"line":231,"column":4},"end":{"line":231,"column":4}},{"start":{"line":231,"column":4},"end":{"line":231,"column":4}}]},"3":{"line":236,"type":"if","locations":[{"start":{"line":236,"column":4},"end":{"line":236,"column":4}},{"start":{"line":236,"column":4},"end":{"line":236,"column":4}}]},"4":{"line":241,"type":"if","locations":[{"start":{"line":241,"column":4},"end":{"line":241,"column":4}},{"start":{"line":241,"column":4},"end":{"line":241,"column":4}}]},"5":{"line":251,"type":"if","locations":[{"start":{"line":251,"column":4},"end":{"line":251,"column":4}},{"start":{"line":251,"column":4},"end":{"line":251,"column":4}}]},"6":{"line":256,"type":"if","locations":[{"start":{"line":256,"column":4},"end":{"line":256,"column":4}},{"start":{"line":256,"column":4},"end":{"line":256,"column":4}}]},"7":{"line":261,"type":"if","locations":[{"start":{"line":261,"column":4},"end":{"line":261,"column":4}},{"start":{"line":261,"column":4},"end":{"line":261,"column":4}}]},"8":{"line":266,"type":"if","locations":[{"start":{"line":266,"column":4},"end":{"line":266,"column":4}},{"start":{"line":266,"column":4},"end":{"line":266,"column":4}}]},"9":{"line":277,"type":"cond-expr","locations":[{"start":{"line":277,"column":47},"end":{"line":277,"column":65}},{"start":{"line":277,"column":68},"end":{"line":277,"column":86}}]},"10":{"line":280,"type":"if","locations":[{"start":{"line":280,"column":6},"end":{"line":280,"column":6}},{"start":{"line":280,"column":6},"end":{"line":280,"column":6}}]},"11":{"line":283,"type":"if","locations":[{"start":{"line":283,"column":6},"end":{"line":283,"column":6}},{"start":{"line":283,"column":6},"end":{"line":283,"column":6}}]},"12":{"line":286,"type":"if","locations":[{"start":{"line":286,"column":6},"end":{"line":286,"column":6}},{"start":{"line":286,"column":6},"end":{"line":286,"column":6}}]},"13":{"line":303,"type":"if","locations":[{"start":{"line":303,"column":8},"end":{"line":303,"column":8}},{"start":{"line":303,"column":8},"end":{"line":303,"column":8}}]},"14":{"line":306,"type":"if","locations":[{"start":{"line":306,"column":8},"end":{"line":306,"column":8}},{"start":{"line":306,"column":8},"end":{"line":306,"column":8}}]},"15":{"line":309,"type":"if","locations":[{"start":{"line":309,"column":8},"end":{"line":309,"column":8}},{"start":{"line":309,"column":8},"end":{"line":309,"column":8}}]},"16":{"line":315,"type":"if","locations":[{"start":{"line":315,"column":12},"end":{"line":315,"column":12}},{"start":{"line":315,"column":12},"end":{"line":315,"column":12}}]},"17":{"line":318,"type":"if","locations":[{"start":{"line":318,"column":12},"end":{"line":318,"column":12}},{"start":{"line":318,"column":12},"end":{"line":318,"column":12}}]},"18":{"line":321,"type":"if","locations":[{"start":{"line":321,"column":12},"end":{"line":321,"column":12}},{"start":{"line":321,"column":12},"end":{"line":321,"column":12}}]},"19":{"line":363,"type":"if","locations":[{"start":{"line":363,"column":4},"end":{"line":363,"column":4}},{"start":{"line":363,"column":4},"end":{"line":363,"column":4}}]},"20":{"line":363,"type":"binary-expr","locations":[{"start":{"line":363,"column":8},"end":{"line":363,"column":57}},{"start":{"line":363,"column":61},"end":{"line":363,"column":110}},{"start":{"line":363,"column":114},"end":{"line":363,"column":164}},{"start":{"line":363,"column":168},"end":{"line":363,"column":218}}]},"21":{"line":432,"type":"if","locations":[{"start":{"line":432,"column":6},"end":{"line":432,"column":6}},{"start":{"line":432,"column":6},"end":{"line":432,"column":6}}]},"22":{"line":435,"type":"if","locations":[{"start":{"line":435,"column":6},"end":{"line":435,"column":6}},{"start":{"line":435,"column":6},"end":{"line":435,"column":6}}]},"23":{"line":438,"type":"if","locations":[{"start":{"line":438,"column":6},"end":{"line":438,"column":6}},{"start":{"line":438,"column":6},"end":{"line":438,"column":6}}]}},"code":["/*jshint camelcase: false*/","","module.exports = function (grunt) {","  'use strict';","","  // load all grunt tasks","  require('time-grunt')(grunt);","  require('load-grunt-tasks')(grunt);","","  // configurable paths","  var config = {","    app: 'app',","    dist: 'dist',","    distMac32: 'dist/macOS',","    distMac64: 'dist/macOS',","    distLinux32: 'dist/Linux32',","    distLinux64: 'dist/Linux64',","    distWin: 'dist/Win',","    tmp: 'buildTmp',","    resources: 'resources'","  };","","  grunt.initConfig({","    config: config,","    clean: {","      dist: {","        files: [{","          dot: true,","          src: [","            '<%%= config.dist %>/*',","            '<%%= config.tmp %>/*'","          ]","        }]","      },","      distMac32: {","        files: [{","          dot: true,","          src: [","            '<%%= config.distMac32 %>/*',","            '<%%= config.tmp %>/*'","          ]","        }]","      },","      distMac64: {","        files: [{","          dot: true,","          src: [","            '<%%= config.distMac64 %>/*',","            '<%%= config.tmp %>/*'","          ]","        }]","      },","      distLinux64: {","        files: [{","          dot: true,","          src: [","            '<%%= config.distLinux64 %>/*',","            '<%%= config.tmp %>/*'","          ]","        }]","      },","      distLinux32: {","        files: [{","          dot: true,","          src: [","            '<%%= config.distLinux32 %>/*',","            '<%%= config.tmp %>/*'","          ]","        }]","      },","      distWin: {","        files: [{","          dot: true,","          src: [","            '<%%= config.distWin %>/*',","            '<%%= config.tmp %>/*'","          ]","        }]","      }","    },","    jshint: {","      options: {","        jshintrc: '.jshintrc'","      },","      files: '<%%= config.app %>/js/*.js'","    },","    copy: {","      appLinux: {","        files: [{","          expand: true,","          cwd: '<%%= config.app %>',","          dest: '<%%= config.distLinux64 %>/app.nw',","          src: '**'","        }]","      },","      appLinux32: {","        files: [{","          expand: true,","          cwd: '<%%= config.app %>',","          dest: '<%%= config.distLinux32 %>/app.nw',","          src: '**'","        }]","      },","      appMacos32: {","        files: [{","          expand: true,","          cwd: '<%%= config.app %>',","          dest: '<%%= config.distMac32 %>/node-webkit.app/Contents/Resources/app.nw',","          src: '**'","        }, {","          expand: true,","          cwd: '<%%= config.resources %>/mac/',","          dest: '<%%= config.distMac32 %>/node-webkit.app/Contents/',","          filter: 'isFile',","          src: '*.plist'","        }, {","          expand: true,","          cwd: '<%%= config.resources %>/mac/',","          dest: '<%%= config.distMac32 %>/node-webkit.app/Contents/Resources/',","          filter: 'isFile',","          src: '*.icns'","        }, {","          expand: true,","          cwd: '<%%= config.app %>/../node_modules/',","          dest: '<%%= config.distMac32 %>/node-webkit.app/Contents/Resources/app.nw/node_modules/',","          src: '**'","        }]","      },","      appMacos64: {","        files: [{","          expand: true,","          cwd: '<%%= config.app %>',","          dest: '<%%= config.distMac64 %>/node-webkit.app/Contents/Resources/app.nw',","          src: '**'","        }, {","          expand: true,","          cwd: '<%%= config.resources %>/mac/',","          dest: '<%%= config.distMac64 %>/node-webkit.app/Contents/',","          filter: 'isFile',","          src: '*.plist'","        }, {","          expand: true,","          cwd: '<%%= config.resources %>/mac/',","          dest: '<%%= config.distMac64 %>/node-webkit.app/Contents/Resources/',","          filter: 'isFile',","          src: '*.icns'","        }, {","          expand: true,","          cwd: '<%%= config.app %>/../node_modules/',","          dest: '<%%= config.distMac64 %>/node-webkit.app/Contents/Resources/app.nw/node_modules/',","          src: '**'","        }]","      },","      webkit32: {","        files: [{","          expand: true,","          cwd: '<%%=config.resources %>/node-webkit/MacOS32',","          dest: '<%%= config.distMac32 %>/',","          src: '**'","        }]","      },","      webkit64: {","        files: [{","          expand: true,","          cwd: '<%%=config.resources %>/node-webkit/MacOS64',","          dest: '<%%= config.distMac64 %>/',","          src: '**'","        }]","      },","      copyWinToTmp: {","        files: [{","          expand: true,","          cwd: '<%%= config.resources %>/node-webkit/Windows/',","          dest: '<%%= config.tmp %>/',","          src: '**'","        }]","      }","    },","    compress: {","      appToTmp: {","        options: {","          archive: '<%%= config.tmp %>/app.zip'","        },","        files: [{","          expand: true,","          cwd: '<%%= config.app %>',","          src: ['**']","        }]","      },","      finalWindowsApp: {","        options: {","          archive: '<%%= config.distWin %>/<%= appName %>.zip'","        },","        files: [{","          expand: true,","          cwd: '<%%= config.tmp %>',","          src: ['**']","        }]","      }","    },","    rename: {","      macApp32: {","        files: [{","          src: '<%%= config.distMac32 %>/node-webkit.app',","          dest: '<%%= config.distMac32 %>/<%= appName %>.app'","        }]","      },","      macApp64: {","        files: [{","          src: '<%%= config.distMac64 %>/node-webkit.app',","          dest: '<%%= config.distMac64 %>/<%= appName %>.app'","        }]","      },","      zipToApp: {","        files: [{","          src: '<%%= config.tmp %>/app.zip',","          dest: '<%%= config.tmp %>/app.nw'","        }]","      }","    }","  });","","  grunt.registerTask('chmod32', 'Add lost Permissions.', function () {","    var fs = require('fs'),","      path = config.distMac32 + '/<%= appName %>.app/Contents/';","    if (fs.existsSync(path + 'Frameworks/node-webkit Helper EH.app/Contents/MacOS/node-webkit Helper EH')) {","      fs.chmodSync(path + 'Frameworks/node-webkit Helper EH.app/Contents/MacOS/node-webkit Helper EH', '555');","    } else {","      fs.chmodSync(path + 'Frameworks/nwjs Helper EH.app/Contents/MacOS/nwjs Helper EH', '555');","    }","    if (fs.existsSync(path + 'Frameworks/node-webkit Helper NP.app/Contents/MacOS/node-webkit Helper NP')) {","      fs.chmodSync(path + 'Frameworks/node-webkit Helper NP.app/Contents/MacOS/node-webkit Helper NP', '555');","    } else {","      fs.chmodSync(path + 'Frameworks/nwjs Helper NP.app/Contents/MacOS/nwjs Helper NP', '555');","    }","    if (fs.existsSync(path + 'Frameworks/node-webkit Helper.app/Contents/MacOS/node-webkit Helper')) {","      fs.chmodSync(path + 'Frameworks/node-webkit Helper.app/Contents/MacOS/node-webkit Helper', '555');","    } else {","      fs.chmodSync(path + 'Frameworks/nwjs Helper.app/Contents/MacOS/nwjs Helper', '555');","    }","    if (fs.existsSync(path + 'MacOS/node-webkit')) {","      fs.chmodSync(path + 'MacOS/node-webkit', '555');","    } else {","      fs.chmodSync(path + 'MacOS/nwjs', '555');","    }","  });","","  grunt.registerTask('chmod64', 'Add lost Permissions.', function () {","    var fs = require('fs'),","      path = config.distMac64 + '/<%= appName %>.app/Contents/';","    if (fs.existsSync(path + 'Frameworks/node-webkit Helper EH.app/Contents/MacOS/node-webkit Helper EH')) {","      fs.chmodSync(path + 'Frameworks/node-webkit Helper EH.app/Contents/MacOS/node-webkit Helper EH', '555');","    } else {","      fs.chmodSync(path + 'Frameworks/nwjs Helper EH.app/Contents/MacOS/nwjs Helper EH', '555');","    }","    if (fs.existsSync(path + 'Frameworks/node-webkit Helper NP.app/Contents/MacOS/node-webkit Helper NP')) {","      fs.chmodSync(path + 'Frameworks/node-webkit Helper NP.app/Contents/MacOS/node-webkit Helper NP', '555');","    } else {","      fs.chmodSync(path + 'Frameworks/nwjs Helper NP.app/Contents/MacOS/nwjs Helper NP', '555');","    }","    if (fs.existsSync(path + 'Frameworks/node-webkit Helper.app/Contents/MacOS/node-webkit Helper')) {","      fs.chmodSync(path + 'Frameworks/node-webkit Helper.app/Contents/MacOS/node-webkit Helper', '555');","    } else {","      fs.chmodSync(path + 'Frameworks/nwjs Helper.app/Contents/MacOS/nwjs Helper', '555');","    }","    if (fs.existsSync(path + 'MacOS/node-webkit')) {","      fs.chmodSync(path + 'MacOS/node-webkit', '555');","    } else {","      fs.chmodSync(path + 'MacOS/nwjs', '555');","    }","  });","","  grunt.registerTask('createLinuxApp', 'Create linux distribution.', function (version) {","    var done = this.async();","    var childProcess = require('child_process');","    var exec = childProcess.exec;","    var path = './' + (version === 'Linux64' ? config.distLinux64 : config.distLinux32);","    exec('mkdir -p ' + path + '; cp resources/node-webkit/' + version + '/nw.pak ' + path + ' && cp resources/node-webkit/' + version + '/nw ' + path + '/node-webkit && cp resources/node-webkit/' + version + '/icudtl.dat ' + path + '/icudtl.dat', function (error, stdout, stderr) {","      var result = true;","      if (stdout) {","        grunt.log.write(stdout);","      }","      if (stderr) {","        grunt.log.write(stderr);","      }","      if (error !== null) {","        grunt.log.error(error);","        result = false;","      }","      done(result);","    });","  });","","  grunt.registerTask('createWindowsApp', 'Create windows distribution.', function () {","    var done = this.async();","    var concat = require('concat-files');","    concat([","      'buildTmp/nw.exe',","      'buildTmp/app.nw'","    ], 'buildTmp/<%= appName %>.exe', function () {","      var fs = require('fs');","      fs.unlink('buildTmp/app.nw', function (error, stdout, stderr) {","        if (stdout) {","          grunt.log.write(stdout);","        }","        if (stderr) {","          grunt.log.write(stderr);","        }","        if (error !== null) {","          grunt.log.error(error);","          done(false);","        } else {","          fs.unlink('buildTmp/nw.exe', function (error, stdout, stderr) {","            var result = true;","            if (stdout) {","              grunt.log.write(stdout);","            }","            if (stderr) {","              grunt.log.write(stderr);","            }","            if (error !== null) {","              grunt.log.error(error);","              result = false;","            }","            done(result);","          });","        }","      });","    });","  });","","  grunt.registerTask('setVersion', 'Set version to all needed files', function (version) {","    var config = grunt.config.get(['config']);","    var appPath = config.app;","    var resourcesPath = config.resources;","    var mainPackageJSON = grunt.file.readJSON('package.json');","    var appPackageJSON = grunt.file.readJSON(appPath + '/package.json');","    var infoPlistTmp = grunt.file.read(resourcesPath + '/mac/Info.plist.tmp', {","      encoding: 'UTF8'","    });","    var infoPlist = grunt.template.process(infoPlistTmp, {","      data: {","        version: version","      }","    });","    mainPackageJSON.version = version;","    appPackageJSON.version = version;","    grunt.file.write('package.json', JSON.stringify(mainPackageJSON, null, 2), {","      encoding: 'UTF8'","    });","    grunt.file.write(appPath + '/package.json', JSON.stringify(appPackageJSON, null, 2), {","      encoding: 'UTF8'","    });","    grunt.file.write(resourcesPath + '/mac/Info.plist', infoPlist, {","      encoding: 'UTF8'","    });","  });","","  grunt.registerTask('createPlistFile', 'set node webkit and app relevant information to a new plist file', function() {","    var metadata = grunt.file.readJSON('.yo-rc.json');","    var resourcesPath = config.resources;","    var nwExecuteable = 'nwjs';","    if (metadata.nodeWebkitVersion.indexOf('v0.8.') === 0 || metadata.nodeWebkitVersion.indexOf('v0.9.') === 0 || metadata.nodeWebkitVersion.indexOf('v0.10.') === 0 || metadata.nodeWebkitVersion.indexOf('v0.11.') === 0) {","      nwExecuteable = 'node-webkit';","    }","    var infoPlistTmp = grunt.file.read(resourcesPath + '/mac/Info.plist.tmp', {","      encoding: 'UTF8'","    });","    var infoPlist = grunt.template.process(infoPlistTmp, {","      data: {","        nwExecutableName: nwExecuteable","      }","    });","    grunt.file.write(resourcesPath + '/mac/Info.plist', infoPlist, {","      encoding: 'UTF8'","    });","  })","","  grunt.registerTask('dist-linux', [","    'jshint',","    'clean:distLinux64',","    'copy:appLinux',","    'createLinuxApp:Linux64'","  ]);","","  grunt.registerTask('dist-linux32', [","    'jshint',","    'clean:distLinux32',","    'copy:appLinux32',","    'createLinuxApp:Linux32'","  ]);","","  grunt.registerTask('dist-win', [","    'jshint',","    'clean:distWin',","    'copy:copyWinToTmp',","    'compress:appToTmp',","    'rename:zipToApp',","    'createWindowsApp',","    'compress:finalWindowsApp'","  ]);","","  grunt.registerTask('dist-mac', [","    'jshint',","    'clean:distMac64',","    'createPlistFile',","    'copy:webkit64',","    'copy:appMacos64',","    'rename:macApp64',","    'chmod64'","  ]);","","  grunt.registerTask('dist-mac32', [","    'jshint',","    'clean:distMac32',","    'createPlistFile',","    'copy:webkit32',","    'copy:appMacos32',","    'rename:macApp32',","    'chmod32'","  ]);","","  grunt.registerTask('check', [","    'jshint'","  ]);","","  grunt.registerTask('dmg', 'Create dmg from previously created app folder in dist.', function () {","    var done = this.async();","    var createDmgCommand = 'resources/mac/package.sh \"<%= appName %>\"';","    require('child_process').exec(createDmgCommand, function (error, stdout, stderr) {","      var result = true;","      if (stdout) {","        grunt.log.write(stdout);","      }","      if (stderr) {","        grunt.log.write(stderr);","      }","      if (error !== null) {","        grunt.log.error(error);","        result = false;","      }","      done(result);","    });","  });","","};",""],"l":{"3":1,"7":0,"8":0,"11":0,"23":0,"223":0,"224":0,"226":0,"227":0,"229":0,"231":0,"232":0,"234":0,"236":0,"237":0,"239":0,"241":0,"242":0,"244":0,"248":0,"249":0,"251":0,"252":0,"254":0,"256":0,"257":0,"259":0,"261":0,"262":0,"264":0,"266":0,"267":0,"269":0,"273":0,"274":0,"275":0,"276":0,"277":0,"278":0,"279":0,"280":0,"281":0,"283":0,"284":0,"286":0,"287":0,"288":0,"290":0,"294":0,"295":0,"296":0,"297":0,"301":0,"302":0,"303":0,"304":0,"306":0,"307":0,"309":0,"310":0,"311":0,"313":0,"314":0,"315":0,"316":0,"318":0,"319":0,"321":0,"322":0,"323":0,"325":0,"332":0,"333":0,"334":0,"335":0,"336":0,"337":0,"338":0,"341":0,"346":0,"347":0,"348":0,"351":0,"354":0,"359":0,"360":0,"361":0,"362":0,"363":0,"364":0,"366":0,"369":0,"374":0,"379":0,"386":0,"393":0,"403":0,"413":0,"423":0,"427":0,"428":0,"429":0,"430":0,"431":0,"432":0,"433":0,"435":0,"436":0,"438":0,"439":0,"440":0,"442":0}}}